{"/home/edison-reinoso/Escritorio/sofka/sofka-front/FoodTech-Front/src/App.tsx": {"path":"/home/edison-reinoso/Escritorio/sofka/sofka-front/FoodTech-Front/src/App.tsx","statementMap":{"0":{"start":{"line":12,"column":2},"end":{"line":36,"column":null}}},"fnMap":{"0":{"name":"App","decl":{"start":{"line":11,"column":9},"end":{"line":11,"column":15}},"loc":{"start":{"line":11,"column":15},"end":{"line":38,"column":null}},"line":11}},"branchMap":{},"s":{"0":2},"f":{"0":2},"b":{},"meta":{"lastBranch":0,"lastFunction":1,"lastStatement":1,"seen":{"f:11:9:11:15":0,"s:12:2:36:Infinity":0}}}
,"/home/edison-reinoso/Escritorio/sofka/sofka-front/FoodTech-Front/src/components/LogoutButton.tsx": {"path":"/home/edison-reinoso/Escritorio/sofka/sofka-front/FoodTech-Front/src/components/LogoutButton.tsx","statementMap":{"0":{"start":{"line":4,"column":28},"end":{"line":24,"column":null}},"1":{"start":{"line":5,"column":17},"end":{"line":5,"column":null}},"2":{"start":{"line":6,"column":8},"end":{"line":6,"column":null}},"3":{"start":{"line":8,"column":23},"end":{"line":11,"column":null}},"4":{"start":{"line":9,"column":4},"end":{"line":9,"column":null}},"5":{"start":{"line":10,"column":4},"end":{"line":10,"column":null}},"6":{"start":{"line":13,"column":2},"end":{"line":22,"column":null}}},"fnMap":{"0":{"name":"(anonymous_0)","decl":{"start":{"line":4,"column":28},"end":{"line":4,"column":34}},"loc":{"start":{"line":4,"column":34},"end":{"line":24,"column":null}},"line":4},"1":{"name":"(anonymous_1)","decl":{"start":{"line":8,"column":23},"end":{"line":8,"column":29}},"loc":{"start":{"line":8,"column":29},"end":{"line":11,"column":null}},"line":8}},"branchMap":{},"s":{"0":1,"1":1,"2":1,"3":1,"4":0,"5":0,"6":1},"f":{"0":1,"1":0},"b":{},"meta":{"lastBranch":0,"lastFunction":2,"lastStatement":7,"seen":{"s:4:28:24:Infinity":0,"f:4:28:4:34":0,"s:5:17:5:Infinity":1,"s:6:8:6:Infinity":2,"s:8:23:11:Infinity":3,"f:8:23:8:29":1,"s:9:4:9:Infinity":4,"s:10:4:10:Infinity":5,"s:13:2:22:Infinity":6}}}
,"/home/edison-reinoso/Escritorio/sofka/sofka-front/FoodTech-Front/src/components/Navigation.tsx": {"path":"/home/edison-reinoso/Escritorio/sofka/sofka-front/FoodTech-Front/src/components/Navigation.tsx","statementMap":{"0":{"start":{"line":5,"column":19},"end":{"line":10,"column":null}},"1":{"start":{"line":12,"column":2},"end":{"line":49,"column":null}},"2":{"start":{"line":29,"column":12},"end":{"line":42,"column":null}},"3":{"start":{"line":33,"column":16},"end":{"line":37,"column":null}}},"fnMap":{"0":{"name":"Navigation","decl":{"start":{"line":4,"column":16},"end":{"line":4,"column":29}},"loc":{"start":{"line":4,"column":29},"end":{"line":51,"column":null}},"line":4},"1":{"name":"(anonymous_1)","decl":{"start":{"line":28,"column":24},"end":{"line":28,"column":25}},"loc":{"start":{"line":29,"column":12},"end":{"line":42,"column":null}},"line":29},"2":{"name":"(anonymous_2)","decl":{"start":{"line":32,"column":25},"end":{"line":32,"column":26}},"loc":{"start":{"line":33,"column":16},"end":{"line":37,"column":null}},"line":33}},"branchMap":{"0":{"loc":{"start":{"line":34,"column":18},"end":{"line":36,"column":null}},"type":"cond-expr","locations":[{"start":{"line":35,"column":22},"end":{"line":35,"column":null}},{"start":{"line":36,"column":22},"end":{"line":36,"column":null}}],"line":34}},"s":{"0":1,"1":1,"2":4,"3":4},"f":{"0":1,"1":4,"2":4},"b":{"0":[1,3]},"meta":{"lastBranch":1,"lastFunction":3,"lastStatement":4,"seen":{"f:4:16:4:29":0,"s:5:19:10:Infinity":0,"s:12:2:49:Infinity":1,"f:28:24:28:25":1,"s:29:12:42:Infinity":2,"f:32:25:32:26":2,"s:33:16:37:Infinity":3,"b:35:22:35:Infinity:36:22:36:Infinity":0}}}
,"/home/edison-reinoso/Escritorio/sofka/sofka-front/FoodTech-Front/src/components/ProtectedRoute.tsx": {"path":"/home/edison-reinoso/Escritorio/sofka/sofka-front/FoodTech-Front/src/components/ProtectedRoute.tsx","statementMap":{"0":{"start":{"line":9,"column":30},"end":{"line":25,"column":null}},"1":{"start":{"line":10,"column":37},"end":{"line":10,"column":null}},"2":{"start":{"line":12,"column":2},"end":{"line":18,"column":null}},"3":{"start":{"line":13,"column":4},"end":{"line":16,"column":null}},"4":{"start":{"line":20,"column":2},"end":{"line":22,"column":null}},"5":{"start":{"line":21,"column":4},"end":{"line":21,"column":null}},"6":{"start":{"line":24,"column":2},"end":{"line":24,"column":null}}},"fnMap":{"0":{"name":"(anonymous_0)","decl":{"start":{"line":9,"column":30},"end":{"line":9,"column":31}},"loc":{"start":{"line":9,"column":69},"end":{"line":25,"column":null}},"line":9}},"branchMap":{"0":{"loc":{"start":{"line":12,"column":2},"end":{"line":18,"column":null}},"type":"if","locations":[{"start":{"line":12,"column":2},"end":{"line":18,"column":null}},{"start":{},"end":{}}],"line":12},"1":{"loc":{"start":{"line":20,"column":2},"end":{"line":22,"column":null}},"type":"if","locations":[{"start":{"line":20,"column":2},"end":{"line":22,"column":null}},{"start":{},"end":{}}],"line":20}},"s":{"0":1,"1":2,"2":2,"3":0,"4":2,"5":1,"6":1},"f":{"0":2},"b":{"0":[0,2],"1":[1,1]},"meta":{"lastBranch":2,"lastFunction":1,"lastStatement":7,"seen":{"s:9:30:25:Infinity":0,"f:9:30:9:31":0,"s:10:37:10:Infinity":1,"b:12:2:18:Infinity:undefined:undefined:undefined:undefined":0,"s:12:2:18:Infinity":2,"s:13:4:16:Infinity":3,"b:20:2:22:Infinity:undefined:undefined:undefined:undefined":1,"s:20:2:22:Infinity":4,"s:21:4:21:Infinity":5,"s:24:2:24:Infinity":6}}}
,"/home/edison-reinoso/Escritorio/sofka/sofka-front/FoodTech-Front/src/components/completed-orders/CompletedOrdersButton.tsx": {"path":"/home/edison-reinoso/Escritorio/sofka/sofka-front/FoodTech-Front/src/components/completed-orders/CompletedOrdersButton.tsx","statementMap":{"0":{"start":{"line":7,"column":37},"end":{"line":34,"column":null}},"1":{"start":{"line":12,"column":2},"end":{"line":32,"column":null}}},"fnMap":{"0":{"name":"(anonymous_0)","decl":{"start":{"line":7,"column":37},"end":{"line":7,"column":38}},"loc":{"start":{"line":11,"column":34},"end":{"line":34,"column":null}},"line":11}},"branchMap":{"0":{"loc":{"start":{"line":9,"column":2},"end":{"line":9,"column":null}},"type":"default-arg","locations":[{"start":{"line":9,"column":14},"end":{"line":9,"column":null}}],"line":9},"1":{"loc":{"start":{"line":22,"column":10},"end":{"line":22,"column":null}},"type":"cond-expr","locations":[{"start":{"line":22,"column":22},"end":{"line":22,"column":39}},{"start":{"line":22,"column":39},"end":{"line":22,"column":null}}],"line":22},"2":{"loc":{"start":{"line":25,"column":9},"end":{"line":25,"column":null}},"type":"cond-expr","locations":[{"start":{"line":25,"column":21},"end":{"line":25,"column":43}},{"start":{"line":25,"column":43},"end":{"line":25,"column":null}}],"line":25},"3":{"loc":{"start":{"line":27,"column":7},"end":{"line":30,"column":null}},"type":"binary-expr","locations":[{"start":{"line":27,"column":7},"end":{"line":27,"column":null}},{"start":{"line":28,"column":8},"end":{"line":30,"column":null}}],"line":27}},"s":{"0":1,"1":2},"f":{"0":2},"b":{"0":[2],"1":[1,1],"2":[1,1],"3":[2,0]},"meta":{"lastBranch":4,"lastFunction":1,"lastStatement":2,"seen":{"s:7:37:34:Infinity":0,"f:7:37:7:38":0,"b:9:14:9:Infinity":0,"s:12:2:32:Infinity":1,"b:22:22:22:39:22:39:22:Infinity":1,"b:25:21:25:43:25:43:25:Infinity":2,"b:27:7:27:Infinity:28:8:30:Infinity":3}}}
,"/home/edison-reinoso/Escritorio/sofka/sofka-front/FoodTech-Front/src/components/completed-orders/CompletedOrdersModal.tsx": {"path":"/home/edison-reinoso/Escritorio/sofka/sofka-front/FoodTech-Front/src/components/completed-orders/CompletedOrdersModal.tsx","statementMap":{"0":{"start":{"line":16,"column":2},"end":{"line":16,"column":null}},"1":{"start":{"line":18,"column":36},"end":{"line":268,"column":null}},"2":{"start":{"line":28,"column":8},"end":{"line":28,"column":null}},"3":{"start":{"line":29,"column":8},"end":{"line":29,"column":null}},"4":{"start":{"line":30,"column":40},"end":{"line":30,"column":null}},"5":{"start":{"line":31,"column":40},"end":{"line":33,"column":null}},"6":{"start":{"line":34,"column":34},"end":{"line":34,"column":null}},"7":{"start":{"line":36,"column":8},"end":{"line":40,"column":null}},"8":{"start":{"line":37,"column":4},"end":{"line":39,"column":null}},"9":{"start":{"line":38,"column":16},"end":{"line":38,"column":null}},"10":{"start":{"line":42,"column":2},"end":{"line":96,"column":null}},"11":{"start":{"line":43,"column":4},"end":{"line":43,"column":null}},"12":{"start":{"line":43,"column":17},"end":{"line":43,"column":null}},"13":{"start":{"line":45,"column":4},"end":{"line":45,"column":null}},"14":{"start":{"line":47,"column":30},"end":{"line":52,"column":null}},"15":{"start":{"line":48,"column":25},"end":{"line":50,"column":null}},"16":{"start":{"line":51,"column":6},"end":{"line":51,"column":null}},"17":{"start":{"line":54,"column":22},"end":{"line":78,"column":null}},"18":{"start":{"line":55,"column":6},"end":{"line":59,"column":null}},"19":{"start":{"line":56,"column":8},"end":{"line":56,"column":null}},"20":{"start":{"line":57,"column":8},"end":{"line":57,"column":null}},"21":{"start":{"line":58,"column":8},"end":{"line":58,"column":null}},"22":{"start":{"line":61,"column":6},"end":{"line":61,"column":null}},"23":{"start":{"line":61,"column":31},"end":{"line":61,"column":null}},"24":{"start":{"line":63,"column":25},"end":{"line":65,"column":null}},"25":{"start":{"line":66,"column":6},"end":{"line":66,"column":null}},"26":{"start":{"line":66,"column":50},"end":{"line":66,"column":null}},"27":{"start":{"line":68,"column":20},"end":{"line":68,"column":null}},"28":{"start":{"line":69,"column":19},"end":{"line":69,"column":null}},"29":{"start":{"line":71,"column":6},"end":{"line":77,"column":null}},"30":{"start":{"line":72,"column":8},"end":{"line":72,"column":null}},"31":{"start":{"line":73,"column":8},"end":{"line":73,"column":null}},"32":{"start":{"line":74,"column":6},"end":{"line":77,"column":null}},"33":{"start":{"line":75,"column":8},"end":{"line":75,"column":null}},"34":{"start":{"line":76,"column":8},"end":{"line":76,"column":null}},"35":{"start":{"line":80,"column":22},"end":{"line":84,"column":null}},"36":{"start":{"line":81,"column":6},"end":{"line":83,"column":null}},"37":{"start":{"line":82,"column":8},"end":{"line":82,"column":null}},"38":{"start":{"line":86,"column":4},"end":{"line":86,"column":null}},"39":{"start":{"line":87,"column":4},"end":{"line":87,"column":null}},"40":{"start":{"line":89,"column":4},"end":{"line":89,"column":null}},"41":{"start":{"line":91,"column":4},"end":{"line":95,"column":null}},"42":{"start":{"line":92,"column":6},"end":{"line":92,"column":null}},"43":{"start":{"line":93,"column":6},"end":{"line":93,"column":null}},"44":{"start":{"line":94,"column":6},"end":{"line":94,"column":null}},"45":{"start":{"line":98,"column":2},"end":{"line":98,"column":null}},"46":{"start":{"line":98,"column":15},"end":{"line":98,"column":null}},"47":{"start":{"line":100,"column":2},"end":{"line":266,"column":null}},"48":{"start":{"line":104,"column":8},"end":{"line":106,"column":null}},"49":{"start":{"line":105,"column":10},"end":{"line":105,"column":null}},"50":{"start":{"line":166,"column":16},"end":{"line":260,"column":null}},"51":{"start":{"line":197,"column":42},"end":{"line":197,"column":null}},"52":{"start":{"line":198,"column":28},"end":{"line":201,"column":null}},"53":{"start":{"line":198,"column":56},"end":{"line":201,"column":30}},"54":{"start":{"line":202,"column":28},"end":{"line":207,"column":null}},"55":{"start":{"line":203,"column":30},"end":{"line":206,"column":null}},"56":{"start":{"line":203,"column":55},"end":{"line":206,"column":32}},"57":{"start":{"line":222,"column":44},"end":{"line":222,"column":null}},"58":{"start":{"line":223,"column":26},"end":{"line":233,"column":null}},"59":{"start":{"line":224,"column":28},"end":{"line":227,"column":null}},"60":{"start":{"line":224,"column":56},"end":{"line":227,"column":30}},"61":{"start":{"line":228,"column":28},"end":{"line":231,"column":null}},"62":{"start":{"line":228,"column":53},"end":{"line":231,"column":30}},"63":{"start":{"line":232,"column":28},"end":{"line":232,"column":null}},"64":{"start":{"line":235,"column":49},"end":{"line":235,"column":null}},"65":{"start":{"line":236,"column":26},"end":{"line":242,"column":null}},"66":{"start":{"line":237,"column":28},"end":{"line":240,"column":null}},"67":{"start":{"line":237,"column":53},"end":{"line":240,"column":30}},"68":{"start":{"line":241,"column":28},"end":{"line":241,"column":null}},"69":{"start":{"line":244,"column":26},"end":{"line":251,"column":null}},"70":{"start":{"line":245,"column":28},"end":{"line":245,"column":null}},"71":{"start":{"line":247,"column":28},"end":{"line":250,"column":null}},"72":{"start":{"line":247,"column":53},"end":{"line":250,"column":30}}},"fnMap":{"0":{"name":"(anonymous_0)","decl":{"start":{"line":18,"column":36},"end":{"line":18,"column":37}},"loc":{"start":{"line":27,"column":33},"end":{"line":268,"column":null}},"line":27},"1":{"name":"(anonymous_1)","decl":{"start":{"line":36,"column":31},"end":{"line":36,"column":37}},"loc":{"start":{"line":36,"column":37},"end":{"line":40,"column":5}},"line":36},"2":{"name":"(anonymous_2)","decl":{"start":{"line":38,"column":6},"end":{"line":38,"column":7}},"loc":{"start":{"line":38,"column":16},"end":{"line":38,"column":null}},"line":38},"3":{"name":"(anonymous_3)","decl":{"start":{"line":42,"column":12},"end":{"line":42,"column":18}},"loc":{"start":{"line":42,"column":18},"end":{"line":96,"column":5}},"line":42},"4":{"name":"(anonymous_4)","decl":{"start":{"line":47,"column":30},"end":{"line":47,"column":36}},"loc":{"start":{"line":47,"column":36},"end":{"line":52,"column":null}},"line":47},"5":{"name":"(anonymous_5)","decl":{"start":{"line":54,"column":22},"end":{"line":54,"column":23}},"loc":{"start":{"line":54,"column":48},"end":{"line":78,"column":null}},"line":54},"6":{"name":"(anonymous_6)","decl":{"start":{"line":80,"column":22},"end":{"line":80,"column":23}},"loc":{"start":{"line":80,"column":45},"end":{"line":84,"column":null}},"line":80},"7":{"name":"(anonymous_7)","decl":{"start":{"line":91,"column":11},"end":{"line":91,"column":17}},"loc":{"start":{"line":91,"column":17},"end":{"line":95,"column":null}},"line":91},"8":{"name":"(anonymous_8)","decl":{"start":{"line":103,"column":19},"end":{"line":103,"column":20}},"loc":{"start":{"line":103,"column":30},"end":{"line":107,"column":null}},"line":103},"9":{"name":"(anonymous_9)","decl":{"start":{"line":165,"column":32},"end":{"line":165,"column":33}},"loc":{"start":{"line":166,"column":16},"end":{"line":260,"column":null}},"line":166},"10":{"name":"(anonymous_10)","decl":{"start":{"line":196,"column":36},"end":{"line":196,"column":37}},"loc":{"start":{"line":196,"column":47},"end":{"line":208,"column":null}},"line":196},"11":{"name":"(anonymous_11)","decl":{"start":{"line":198,"column":45},"end":{"line":198,"column":46}},"loc":{"start":{"line":198,"column":56},"end":{"line":201,"column":30}},"line":198},"12":{"name":"(anonymous_12)","decl":{"start":{"line":203,"column":44},"end":{"line":203,"column":45}},"loc":{"start":{"line":203,"column":55},"end":{"line":206,"column":32}},"line":203},"13":{"name":"(anonymous_13)","decl":{"start":{"line":221,"column":33},"end":{"line":221,"column":45}},"loc":{"start":{"line":221,"column":45},"end":{"line":252,"column":null}},"line":221},"14":{"name":"(anonymous_14)","decl":{"start":{"line":224,"column":45},"end":{"line":224,"column":46}},"loc":{"start":{"line":224,"column":56},"end":{"line":227,"column":30}},"line":224},"15":{"name":"(anonymous_15)","decl":{"start":{"line":228,"column":42},"end":{"line":228,"column":43}},"loc":{"start":{"line":228,"column":53},"end":{"line":231,"column":30}},"line":228},"16":{"name":"(anonymous_16)","decl":{"start":{"line":237,"column":42},"end":{"line":237,"column":43}},"loc":{"start":{"line":237,"column":53},"end":{"line":240,"column":30}},"line":237},"17":{"name":"(anonymous_17)","decl":{"start":{"line":247,"column":42},"end":{"line":247,"column":43}},"loc":{"start":{"line":247,"column":53},"end":{"line":250,"column":30}},"line":247}},"branchMap":{"0":{"loc":{"start":{"line":23,"column":2},"end":{"line":23,"column":null}},"type":"default-arg","locations":[{"start":{"line":23,"column":12},"end":{"line":23,"column":null}}],"line":23},"1":{"loc":{"start":{"line":24,"column":2},"end":{"line":24,"column":null}},"type":"default-arg","locations":[{"start":{"line":24,"column":10},"end":{"line":24,"column":null}}],"line":24},"2":{"loc":{"start":{"line":25,"column":2},"end":{"line":25,"column":null}},"type":"default-arg","locations":[{"start":{"line":25,"column":23},"end":{"line":25,"column":null}}],"line":25},"3":{"loc":{"start":{"line":26,"column":2},"end":{"line":26,"column":null}},"type":"default-arg","locations":[{"start":{"line":26,"column":21},"end":{"line":26,"column":null}}],"line":26},"4":{"loc":{"start":{"line":43,"column":4},"end":{"line":43,"column":null}},"type":"if","locations":[{"start":{"line":43,"column":4},"end":{"line":43,"column":null}},{"start":{},"end":{}}],"line":43},"5":{"loc":{"start":{"line":55,"column":6},"end":{"line":59,"column":null}},"type":"if","locations":[{"start":{"line":55,"column":6},"end":{"line":59,"column":null}},{"start":{},"end":{}}],"line":55},"6":{"loc":{"start":{"line":61,"column":6},"end":{"line":61,"column":null}},"type":"if","locations":[{"start":{"line":61,"column":6},"end":{"line":61,"column":null}},{"start":{},"end":{}}],"line":61},"7":{"loc":{"start":{"line":66,"column":6},"end":{"line":66,"column":null}},"type":"if","locations":[{"start":{"line":66,"column":6},"end":{"line":66,"column":null}},{"start":{},"end":{}}],"line":66},"8":{"loc":{"start":{"line":66,"column":10},"end":{"line":66,"column":50}},"type":"binary-expr","locations":[{"start":{"line":66,"column":10},"end":{"line":66,"column":25}},{"start":{"line":66,"column":25},"end":{"line":66,"column":50}}],"line":66},"9":{"loc":{"start":{"line":71,"column":6},"end":{"line":77,"column":null}},"type":"if","locations":[{"start":{"line":71,"column":6},"end":{"line":77,"column":null}},{"start":{"line":74,"column":6},"end":{"line":77,"column":null}}],"line":71},"10":{"loc":{"start":{"line":71,"column":10},"end":{"line":71,"column":62}},"type":"binary-expr","locations":[{"start":{"line":71,"column":10},"end":{"line":71,"column":28}},{"start":{"line":71,"column":28},"end":{"line":71,"column":62}}],"line":71},"11":{"loc":{"start":{"line":74,"column":6},"end":{"line":77,"column":null}},"type":"if","locations":[{"start":{"line":74,"column":6},"end":{"line":77,"column":null}},{"start":{},"end":{}}],"line":74},"12":{"loc":{"start":{"line":74,"column":17},"end":{"line":74,"column":69}},"type":"binary-expr","locations":[{"start":{"line":74,"column":17},"end":{"line":74,"column":36}},{"start":{"line":74,"column":36},"end":{"line":74,"column":69}}],"line":74},"13":{"loc":{"start":{"line":81,"column":6},"end":{"line":83,"column":null}},"type":"if","locations":[{"start":{"line":81,"column":6},"end":{"line":83,"column":null}},{"start":{},"end":{}}],"line":81},"14":{"loc":{"start":{"line":98,"column":2},"end":{"line":98,"column":null}},"type":"if","locations":[{"start":{"line":98,"column":2},"end":{"line":98,"column":null}},{"start":{},"end":{}}],"line":98},"15":{"loc":{"start":{"line":104,"column":8},"end":{"line":106,"column":null}},"type":"if","locations":[{"start":{"line":104,"column":8},"end":{"line":106,"column":null}},{"start":{},"end":{}}],"line":104},"16":{"loc":{"start":{"line":140,"column":11},"end":{"line":262,"column":null}},"type":"cond-expr","locations":[{"start":{"line":141,"column":12},"end":{"line":148,"column":null}},{"start":{"line":149,"column":14},"end":{"line":262,"column":null}}],"line":140},"17":{"loc":{"start":{"line":149,"column":14},"end":{"line":262,"column":null}},"type":"cond-expr","locations":[{"start":{"line":150,"column":12},"end":{"line":155,"column":null}},{"start":{"line":156,"column":14},"end":{"line":262,"column":null}}],"line":149},"18":{"loc":{"start":{"line":156,"column":14},"end":{"line":262,"column":null}},"type":"cond-expr","locations":[{"start":{"line":157,"column":12},"end":{"line":162,"column":null}},{"start":{"line":164,"column":12},"end":{"line":262,"column":null}}],"line":156},"19":{"loc":{"start":{"line":192,"column":23},"end":{"line":212,"column":null}},"type":"binary-expr","locations":[{"start":{"line":192,"column":23},"end":{"line":192,"column":null}},{"start":{"line":193,"column":24},"end":{"line":212,"column":null}}],"line":192},"20":{"loc":{"start":{"line":195,"column":33},"end":{"line":195,"column":null}},"type":"binary-expr","locations":[{"start":{"line":195,"column":33},"end":{"line":195,"column":60}},{"start":{"line":195,"column":60},"end":{"line":195,"column":null}}],"line":195},"21":{"loc":{"start":{"line":202,"column":28},"end":{"line":207,"column":null}},"type":"if","locations":[{"start":{"line":202,"column":28},"end":{"line":207,"column":null}},{"start":{},"end":{}}],"line":202},"22":{"loc":{"start":{"line":212,"column":24},"end":{"line":217,"column":null}},"type":"binary-expr","locations":[{"start":{"line":214,"column":24},"end":{"line":214,"column":48}},{"start":{"line":214,"column":48},"end":{"line":214,"column":null}},{"start":{"line":215,"column":24},"end":{"line":217,"column":null}}],"line":212},"23":{"loc":{"start":{"line":216,"column":27},"end":{"line":216,"column":null}},"type":"binary-expr","locations":[{"start":{"line":216,"column":27},"end":{"line":216,"column":51}},{"start":{"line":216,"column":51},"end":{"line":216,"column":null}}],"line":216},"24":{"loc":{"start":{"line":222,"column":44},"end":{"line":222,"column":null}},"type":"binary-expr","locations":[{"start":{"line":222,"column":44},"end":{"line":222,"column":79}},{"start":{"line":222,"column":79},"end":{"line":222,"column":null}}],"line":222},"25":{"loc":{"start":{"line":223,"column":26},"end":{"line":233,"column":null}},"type":"if","locations":[{"start":{"line":223,"column":26},"end":{"line":233,"column":null}},{"start":{},"end":{}}],"line":223},"26":{"loc":{"start":{"line":236,"column":26},"end":{"line":242,"column":null}},"type":"if","locations":[{"start":{"line":236,"column":26},"end":{"line":242,"column":null}},{"start":{},"end":{}}],"line":236},"27":{"loc":{"start":{"line":256,"column":25},"end":{"line":256,"column":null}},"type":"cond-expr","locations":[{"start":{"line":256,"column":56},"end":{"line":256,"column":72}},{"start":{"line":256,"column":72},"end":{"line":256,"column":null}}],"line":256}},"s":{"0":1,"1":1,"2":0,"3":0,"4":0,"5":0,"6":0,"7":0,"8":0,"9":0,"10":0,"11":0,"12":0,"13":0,"14":0,"15":0,"16":0,"17":0,"18":0,"19":0,"20":0,"21":0,"22":0,"23":0,"24":0,"25":0,"26":0,"27":0,"28":0,"29":0,"30":0,"31":0,"32":0,"33":0,"34":0,"35":0,"36":0,"37":0,"38":0,"39":0,"40":0,"41":0,"42":0,"43":0,"44":0,"45":0,"46":0,"47":0,"48":0,"49":0,"50":0,"51":0,"52":0,"53":0,"54":0,"55":0,"56":0,"57":0,"58":0,"59":0,"60":0,"61":0,"62":0,"63":0,"64":0,"65":0,"66":0,"67":0,"68":0,"69":0,"70":0,"71":0,"72":0},"f":{"0":0,"1":0,"2":0,"3":0,"4":0,"5":0,"6":0,"7":0,"8":0,"9":0,"10":0,"11":0,"12":0,"13":0,"14":0,"15":0,"16":0,"17":0},"b":{"0":[0],"1":[0],"2":[0],"3":[0],"4":[0,0],"5":[0,0],"6":[0,0],"7":[0,0],"8":[0,0],"9":[0,0],"10":[0,0],"11":[0,0],"12":[0,0],"13":[0,0],"14":[0,0],"15":[0,0],"16":[0,0],"17":[0,0],"18":[0,0],"19":[0,0],"20":[0,0],"21":[0,0],"22":[0,0,0],"23":[0,0],"24":[0,0],"25":[0,0],"26":[0,0],"27":[0,0]},"meta":{"lastBranch":28,"lastFunction":18,"lastStatement":73,"seen":{"s:16:2:16:Infinity":0,"s:18:36:268:Infinity":1,"f:18:36:18:37":0,"b:23:12:23:Infinity":0,"b:24:10:24:Infinity":1,"b:25:23:25:Infinity":2,"b:26:21:26:Infinity":3,"s:28:8:28:Infinity":2,"s:29:8:29:Infinity":3,"s:30:40:30:Infinity":4,"s:31:40:33:Infinity":5,"s:34:34:34:Infinity":6,"s:36:8:40:Infinity":7,"f:36:31:36:37":1,"s:37:4:39:Infinity":8,"f:38:6:38:7":2,"s:38:16:38:Infinity":9,"s:42:2:96:Infinity":10,"f:42:12:42:18":3,"b:43:4:43:Infinity:undefined:undefined:undefined:undefined":4,"s:43:4:43:Infinity":11,"s:43:17:43:Infinity":12,"s:45:4:45:Infinity":13,"s:47:30:52:Infinity":14,"f:47:30:47:36":4,"s:48:25:50:Infinity":15,"s:51:6:51:Infinity":16,"s:54:22:78:Infinity":17,"f:54:22:54:23":5,"b:55:6:59:Infinity:undefined:undefined:undefined:undefined":5,"s:55:6:59:Infinity":18,"s:56:8:56:Infinity":19,"s:57:8:57:Infinity":20,"s:58:8:58:Infinity":21,"b:61:6:61:Infinity:undefined:undefined:undefined:undefined":6,"s:61:6:61:Infinity":22,"s:61:31:61:Infinity":23,"s:63:25:65:Infinity":24,"b:66:6:66:Infinity:undefined:undefined:undefined:undefined":7,"s:66:6:66:Infinity":25,"b:66:10:66:25:66:25:66:50":8,"s:66:50:66:Infinity":26,"s:68:20:68:Infinity":27,"s:69:19:69:Infinity":28,"b:71:6:77:Infinity:74:6:77:Infinity":9,"s:71:6:77:Infinity":29,"b:71:10:71:28:71:28:71:62":10,"s:72:8:72:Infinity":30,"s:73:8:73:Infinity":31,"b:74:6:77:Infinity:undefined:undefined:undefined:undefined":11,"s:74:6:77:Infinity":32,"b:74:17:74:36:74:36:74:69":12,"s:75:8:75:Infinity":33,"s:76:8:76:Infinity":34,"s:80:22:84:Infinity":35,"f:80:22:80:23":6,"b:81:6:83:Infinity:undefined:undefined:undefined:undefined":13,"s:81:6:83:Infinity":36,"s:82:8:82:Infinity":37,"s:86:4:86:Infinity":38,"s:87:4:87:Infinity":39,"s:89:4:89:Infinity":40,"s:91:4:95:Infinity":41,"f:91:11:91:17":7,"s:92:6:92:Infinity":42,"s:93:6:93:Infinity":43,"s:94:6:94:Infinity":44,"b:98:2:98:Infinity:undefined:undefined:undefined:undefined":14,"s:98:2:98:Infinity":45,"s:98:15:98:Infinity":46,"s:100:2:266:Infinity":47,"f:103:19:103:20":8,"b:104:8:106:Infinity:undefined:undefined:undefined:undefined":15,"s:104:8:106:Infinity":48,"s:105:10:105:Infinity":49,"b:141:12:148:Infinity:149:14:262:Infinity":16,"b:150:12:155:Infinity:156:14:262:Infinity":17,"b:157:12:162:Infinity:164:12:262:Infinity":18,"f:165:32:165:33":9,"s:166:16:260:Infinity":50,"b:192:23:192:Infinity:193:24:212:Infinity":19,"b:195:33:195:60:195:60:195:Infinity":20,"f:196:36:196:37":10,"s:197:42:197:Infinity":51,"s:198:28:201:Infinity":52,"f:198:45:198:46":11,"s:198:56:201:30":53,"b:202:28:207:Infinity:undefined:undefined:undefined:undefined":21,"s:202:28:207:Infinity":54,"s:203:30:206:Infinity":55,"f:203:44:203:45":12,"s:203:55:206:32":56,"b:214:24:214:48:214:48:214:Infinity:215:24:217:Infinity":22,"b:216:27:216:51:216:51:216:Infinity":23,"f:221:33:221:45":13,"s:222:44:222:Infinity":57,"b:222:44:222:79:222:79:222:Infinity":24,"b:223:26:233:Infinity:undefined:undefined:undefined:undefined":25,"s:223:26:233:Infinity":58,"s:224:28:227:Infinity":59,"f:224:45:224:46":14,"s:224:56:227:30":60,"s:228:28:231:Infinity":61,"f:228:42:228:43":15,"s:228:53:231:30":62,"s:232:28:232:Infinity":63,"s:235:49:235:Infinity":64,"b:236:26:242:Infinity:undefined:undefined:undefined:undefined":26,"s:236:26:242:Infinity":65,"s:237:28:240:Infinity":66,"f:237:42:237:43":16,"s:237:53:240:30":67,"s:241:28:241:Infinity":68,"s:244:26:251:Infinity":69,"s:245:28:245:Infinity":70,"s:247:28:250:Infinity":71,"f:247:42:247:43":17,"s:247:53:250:30":72,"b:256:56:256:72:256:72:256:Infinity":27}}}
,"/home/edison-reinoso/Escritorio/sofka/sofka-front/FoodTech-Front/src/components/completed-orders/CompletedOrdersToast.tsx": {"path":"/home/edison-reinoso/Escritorio/sofka/sofka-front/FoodTech-Front/src/components/completed-orders/CompletedOrdersToast.tsx","statementMap":{"0":{"start":{"line":6,"column":36},"end":{"line":26,"column":null}},"1":{"start":{"line":10,"column":2},"end":{"line":10,"column":null}},"2":{"start":{"line":10,"column":18},"end":{"line":10,"column":null}},"3":{"start":{"line":12,"column":2},"end":{"line":24,"column":null}}},"fnMap":{"0":{"name":"(anonymous_0)","decl":{"start":{"line":6,"column":36},"end":{"line":6,"column":37}},"loc":{"start":{"line":9,"column":33},"end":{"line":26,"column":null}},"line":9}},"branchMap":{"0":{"loc":{"start":{"line":10,"column":2},"end":{"line":10,"column":null}},"type":"if","locations":[{"start":{"line":10,"column":2},"end":{"line":10,"column":null}},{"start":{},"end":{}}],"line":10}},"s":{"0":1,"1":2,"2":2,"3":0},"f":{"0":2},"b":{"0":[2,0]},"meta":{"lastBranch":1,"lastFunction":1,"lastStatement":4,"seen":{"s:6:36:26:Infinity":0,"f:6:36:6:37":0,"b:10:2:10:Infinity:undefined:undefined:undefined:undefined":0,"s:10:2:10:Infinity":1,"s:10:18:10:Infinity":2,"s:12:2:24:Infinity":3}}}
,"/home/edison-reinoso/Escritorio/sofka/sofka-front/FoodTech-Front/src/components/completed-orders/CompletedOrdersWidget.tsx": {"path":"/home/edison-reinoso/Escritorio/sofka/sofka-front/FoodTech-Front/src/components/completed-orders/CompletedOrdersWidget.tsx","statementMap":{"0":{"start":{"line":7,"column":37},"end":{"line":84,"column":null}},"1":{"start":{"line":16,"column":2},"end":{"line":16,"column":null}},"2":{"start":{"line":17,"column":26},"end":{"line":17,"column":null}},"3":{"start":{"line":18,"column":38},"end":{"line":18,"column":null}},"4":{"start":{"line":19,"column":8},"end":{"line":19,"column":null}},"5":{"start":{"line":21,"column":2},"end":{"line":28,"column":null}},"6":{"start":{"line":22,"column":4},"end":{"line":27,"column":null}},"7":{"start":{"line":23,"column":6},"end":{"line":26,"column":null}},"8":{"start":{"line":24,"column":8},"end":{"line":24,"column":null}},"9":{"start":{"line":25,"column":8},"end":{"line":25,"column":null}},"10":{"start":{"line":30,"column":23},"end":{"line":32,"column":null}},"11":{"start":{"line":31,"column":4},"end":{"line":31,"column":null}},"12":{"start":{"line":31,"column":24},"end":{"line":31,"column":29}},"13":{"start":{"line":34,"column":22},"end":{"line":36,"column":null}},"14":{"start":{"line":35,"column":4},"end":{"line":35,"column":null}},"15":{"start":{"line":38,"column":24},"end":{"line":57,"column":null}},"16":{"start":{"line":39,"column":27},"end":{"line":39,"column":null}},"17":{"start":{"line":40,"column":4},"end":{"line":42,"column":null}},"18":{"start":{"line":43,"column":4},"end":{"line":45,"column":null}},"19":{"start":{"line":44,"column":6},"end":{"line":44,"column":null}},"20":{"start":{"line":47,"column":4},"end":{"line":49,"column":null}},"21":{"start":{"line":48,"column":6},"end":{"line":48,"column":null}},"22":{"start":{"line":51,"column":4},"end":{"line":54,"column":null}},"23":{"start":{"line":52,"column":6},"end":{"line":52,"column":null}},"24":{"start":{"line":53,"column":6},"end":{"line":53,"column":null}},"25":{"start":{"line":56,"column":4},"end":{"line":56,"column":null}},"26":{"start":{"line":59,"column":2},"end":{"line":82,"column":null}}},"fnMap":{"0":{"name":"(anonymous_0)","decl":{"start":{"line":7,"column":37},"end":{"line":7,"column":43}},"loc":{"start":{"line":7,"column":43},"end":{"line":84,"column":null}},"line":7},"1":{"name":"(anonymous_1)","decl":{"start":{"line":21,"column":12},"end":{"line":21,"column":18}},"loc":{"start":{"line":21,"column":18},"end":{"line":28,"column":5}},"line":21},"2":{"name":"(anonymous_2)","decl":{"start":{"line":22,"column":11},"end":{"line":22,"column":17}},"loc":{"start":{"line":22,"column":17},"end":{"line":27,"column":null}},"line":22},"3":{"name":"(anonymous_3)","decl":{"start":{"line":30,"column":23},"end":{"line":30,"column":29}},"loc":{"start":{"line":30,"column":29},"end":{"line":32,"column":null}},"line":30},"4":{"name":"(anonymous_4)","decl":{"start":{"line":31,"column":14},"end":{"line":31,"column":15}},"loc":{"start":{"line":31,"column":24},"end":{"line":31,"column":29}},"line":31},"5":{"name":"(anonymous_5)","decl":{"start":{"line":34,"column":22},"end":{"line":34,"column":28}},"loc":{"start":{"line":34,"column":28},"end":{"line":36,"column":null}},"line":34},"6":{"name":"(anonymous_6)","decl":{"start":{"line":38,"column":24},"end":{"line":38,"column":31}},"loc":{"start":{"line":38,"column":73},"end":{"line":57,"column":null}},"line":38},"7":{"name":"(anonymous_7)","decl":{"start":{"line":51,"column":48},"end":{"line":51,"column":54}},"loc":{"start":{"line":51,"column":54},"end":{"line":54,"column":7}},"line":51}},"branchMap":{"0":{"loc":{"start":{"line":23,"column":6},"end":{"line":26,"column":null}},"type":"if","locations":[{"start":{"line":23,"column":6},"end":{"line":26,"column":null}},{"start":{},"end":{}}],"line":23},"1":{"loc":{"start":{"line":43,"column":4},"end":{"line":45,"column":null}},"type":"if","locations":[{"start":{"line":43,"column":4},"end":{"line":45,"column":null}},{"start":{},"end":{}}],"line":43},"2":{"loc":{"start":{"line":47,"column":4},"end":{"line":49,"column":null}},"type":"if","locations":[{"start":{"line":47,"column":4},"end":{"line":49,"column":null}},{"start":{},"end":{}}],"line":47},"3":{"loc":{"start":{"line":66,"column":7},"end":{"line":76,"column":null}},"type":"binary-expr","locations":[{"start":{"line":66,"column":7},"end":{"line":66,"column":null}},{"start":{"line":67,"column":8},"end":{"line":76,"column":null}}],"line":66}},"s":{"0":1,"1":2,"2":2,"3":2,"4":2,"5":2,"6":1,"7":1,"8":0,"9":0,"10":2,"11":0,"12":0,"13":2,"14":0,"15":2,"16":0,"17":0,"18":0,"19":0,"20":0,"21":0,"22":0,"23":0,"24":0,"25":0,"26":2},"f":{"0":2,"1":1,"2":1,"3":0,"4":0,"5":0,"6":0,"7":0},"b":{"0":[0,1],"1":[0,0],"2":[0,0],"3":[2,0]},"meta":{"lastBranch":4,"lastFunction":8,"lastStatement":27,"seen":{"s:7:37:84:Infinity":0,"f:7:37:7:43":0,"s:16:2:16:Infinity":1,"s:17:26:17:Infinity":2,"s:18:38:18:Infinity":3,"s:19:8:19:Infinity":4,"s:21:2:28:Infinity":5,"f:21:12:21:18":1,"s:22:4:27:Infinity":6,"f:22:11:22:17":2,"b:23:6:26:Infinity:undefined:undefined:undefined:undefined":0,"s:23:6:26:Infinity":7,"s:24:8:24:Infinity":8,"s:25:8:25:Infinity":9,"s:30:23:32:Infinity":10,"f:30:23:30:29":3,"s:31:4:31:Infinity":11,"f:31:14:31:15":4,"s:31:24:31:29":12,"s:34:22:36:Infinity":13,"f:34:22:34:28":5,"s:35:4:35:Infinity":14,"s:38:24:57:Infinity":15,"f:38:24:38:31":6,"s:39:27:39:Infinity":16,"s:40:4:42:Infinity":17,"b:43:4:45:Infinity:undefined:undefined:undefined:undefined":1,"s:43:4:45:Infinity":18,"s:44:6:44:Infinity":19,"b:47:4:49:Infinity:undefined:undefined:undefined:undefined":2,"s:47:4:49:Infinity":20,"s:48:6:48:Infinity":21,"s:51:4:54:Infinity":22,"f:51:48:51:54":7,"s:52:6:52:Infinity":23,"s:53:6:53:Infinity":24,"s:56:4:56:Infinity":25,"s:59:2:82:Infinity":26,"b:66:7:66:Infinity:67:8:76:Infinity":3}}}
,"/home/edison-reinoso/Escritorio/sofka/sofka-front/FoodTech-Front/src/components/kitchen/StationLayout.tsx": {"path":"/home/edison-reinoso/Escritorio/sofka/sofka-front/FoodTech-Front/src/components/kitchen/StationLayout.tsx","statementMap":{"0":{"start":{"line":11,"column":2},"end":{"line":42,"column":null}}},"fnMap":{"0":{"name":"StationLayout","decl":{"start":{"line":10,"column":16},"end":{"line":10,"column":30}},"loc":{"start":{"line":10,"column":96},"end":{"line":44,"column":null}},"line":10}},"branchMap":{},"s":{"0":0},"f":{"0":0},"b":{},"meta":{"lastBranch":0,"lastFunction":1,"lastStatement":1,"seen":{"f:10:16:10:30":0,"s:11:2:42:Infinity":0}}}
,"/home/edison-reinoso/Escritorio/sofka/sofka-front/FoodTech-Front/src/components/kitchen/TaskCard.tsx": {"path":"/home/edison-reinoso/Escritorio/sofka/sofka-front/FoodTech-Front/src/components/kitchen/TaskCard.tsx","statementMap":{"0":{"start":{"line":12,"column":26},"end":{"line":23,"column":null}},"1":{"start":{"line":13,"column":4},"end":{"line":22,"column":null}},"2":{"start":{"line":15,"column":8},"end":{"line":15,"column":null}},"3":{"start":{"line":17,"column":8},"end":{"line":17,"column":null}},"4":{"start":{"line":19,"column":8},"end":{"line":19,"column":null}},"5":{"start":{"line":21,"column":8},"end":{"line":21,"column":null}},"6":{"start":{"line":25,"column":25},"end":{"line":36,"column":null}},"7":{"start":{"line":26,"column":4},"end":{"line":35,"column":null}},"8":{"start":{"line":28,"column":8},"end":{"line":28,"column":null}},"9":{"start":{"line":30,"column":8},"end":{"line":30,"column":null}},"10":{"start":{"line":32,"column":8},"end":{"line":32,"column":null}},"11":{"start":{"line":34,"column":8},"end":{"line":34,"column":null}},"12":{"start":{"line":38,"column":25},"end":{"line":49,"column":null}},"13":{"start":{"line":39,"column":4},"end":{"line":48,"column":null}},"14":{"start":{"line":41,"column":8},"end":{"line":41,"column":null}},"15":{"start":{"line":43,"column":8},"end":{"line":43,"column":null}},"16":{"start":{"line":45,"column":8},"end":{"line":45,"column":null}},"17":{"start":{"line":47,"column":8},"end":{"line":47,"column":null}},"18":{"start":{"line":51,"column":22},"end":{"line":51,"column":null}},"19":{"start":{"line":52,"column":19},"end":{"line":52,"column":null}},"20":{"start":{"line":54,"column":2},"end":{"line":127,"column":null}},"21":{"start":{"line":90,"column":12},"end":{"line":103,"column":null}},"22":{"start":{"line":112,"column":25},"end":{"line":112,"column":null}}},"fnMap":{"0":{"name":"TaskCard","decl":{"start":{"line":11,"column":16},"end":{"line":11,"column":25}},"loc":{"start":{"line":11,"column":90},"end":{"line":129,"column":null}},"line":11},"1":{"name":"(anonymous_1)","decl":{"start":{"line":12,"column":26},"end":{"line":12,"column":32}},"loc":{"start":{"line":12,"column":32},"end":{"line":23,"column":null}},"line":12},"2":{"name":"(anonymous_2)","decl":{"start":{"line":25,"column":25},"end":{"line":25,"column":31}},"loc":{"start":{"line":25,"column":31},"end":{"line":36,"column":null}},"line":25},"3":{"name":"(anonymous_3)","decl":{"start":{"line":38,"column":25},"end":{"line":38,"column":26}},"loc":{"start":{"line":38,"column":43},"end":{"line":49,"column":null}},"line":38},"4":{"name":"(anonymous_4)","decl":{"start":{"line":89,"column":29},"end":{"line":89,"column":30}},"loc":{"start":{"line":90,"column":12},"end":{"line":103,"column":null}},"line":90},"5":{"name":"(anonymous_5)","decl":{"start":{"line":112,"column":19},"end":{"line":112,"column":25}},"loc":{"start":{"line":112,"column":25},"end":{"line":112,"column":null}},"line":112}},"branchMap":{"0":{"loc":{"start":{"line":11,"column":53},"end":{"line":11,"column":72}},"type":"default-arg","locations":[{"start":{"line":11,"column":66},"end":{"line":11,"column":72}}],"line":11},"1":{"loc":{"start":{"line":13,"column":4},"end":{"line":22,"column":null}},"type":"switch","locations":[{"start":{"line":14,"column":6},"end":{"line":15,"column":null}},{"start":{"line":16,"column":6},"end":{"line":17,"column":null}},{"start":{"line":18,"column":6},"end":{"line":19,"column":null}},{"start":{"line":20,"column":6},"end":{"line":21,"column":null}}],"line":13},"2":{"loc":{"start":{"line":26,"column":4},"end":{"line":35,"column":null}},"type":"switch","locations":[{"start":{"line":27,"column":6},"end":{"line":28,"column":null}},{"start":{"line":29,"column":6},"end":{"line":30,"column":null}},{"start":{"line":31,"column":6},"end":{"line":32,"column":null}},{"start":{"line":33,"column":6},"end":{"line":34,"column":null}}],"line":26},"3":{"loc":{"start":{"line":39,"column":4},"end":{"line":48,"column":null}},"type":"switch","locations":[{"start":{"line":40,"column":6},"end":{"line":41,"column":null}},{"start":{"line":42,"column":6},"end":{"line":43,"column":null}},{"start":{"line":44,"column":6},"end":{"line":45,"column":null}},{"start":{"line":46,"column":6},"end":{"line":47,"column":null}}],"line":39},"4":{"loc":{"start":{"line":109,"column":7},"end":{"line":118,"column":null}},"type":"binary-expr","locations":[{"start":{"line":109,"column":7},"end":{"line":109,"column":null}},{"start":{"line":110,"column":8},"end":{"line":118,"column":null}}],"line":109},"5":{"loc":{"start":{"line":117,"column":11},"end":{"line":117,"column":null}},"type":"cond-expr","locations":[{"start":{"line":117,"column":24},"end":{"line":117,"column":41}},{"start":{"line":117,"column":41},"end":{"line":117,"column":null}}],"line":117},"6":{"loc":{"start":{"line":121,"column":7},"end":{"line":125,"column":null}},"type":"binary-expr","locations":[{"start":{"line":121,"column":7},"end":{"line":121,"column":null}},{"start":{"line":122,"column":8},"end":{"line":125,"column":null}}],"line":121}},"s":{"0":0,"1":0,"2":0,"3":0,"4":0,"5":0,"6":0,"7":0,"8":0,"9":0,"10":0,"11":0,"12":0,"13":0,"14":0,"15":0,"16":0,"17":0,"18":0,"19":0,"20":0,"21":0,"22":0},"f":{"0":0,"1":0,"2":0,"3":0,"4":0,"5":0},"b":{"0":[0],"1":[0,0,0,0],"2":[0,0,0,0],"3":[0,0,0,0],"4":[0,0],"5":[0,0],"6":[0,0]},"meta":{"lastBranch":7,"lastFunction":6,"lastStatement":23,"seen":{"f:11:16:11:25":0,"b:11:66:11:72":0,"s:12:26:23:Infinity":0,"f:12:26:12:32":1,"b:14:6:15:Infinity:16:6:17:Infinity:18:6:19:Infinity:20:6:21:Infinity":1,"s:13:4:22:Infinity":1,"s:15:8:15:Infinity":2,"s:17:8:17:Infinity":3,"s:19:8:19:Infinity":4,"s:21:8:21:Infinity":5,"s:25:25:36:Infinity":6,"f:25:25:25:31":2,"b:27:6:28:Infinity:29:6:30:Infinity:31:6:32:Infinity:33:6:34:Infinity":2,"s:26:4:35:Infinity":7,"s:28:8:28:Infinity":8,"s:30:8:30:Infinity":9,"s:32:8:32:Infinity":10,"s:34:8:34:Infinity":11,"s:38:25:49:Infinity":12,"f:38:25:38:26":3,"b:40:6:41:Infinity:42:6:43:Infinity:44:6:45:Infinity:46:6:47:Infinity":3,"s:39:4:48:Infinity":13,"s:41:8:41:Infinity":14,"s:43:8:43:Infinity":15,"s:45:8:45:Infinity":16,"s:47:8:47:Infinity":17,"s:51:22:51:Infinity":18,"s:52:19:52:Infinity":19,"s:54:2:127:Infinity":20,"f:89:29:89:30":4,"s:90:12:103:Infinity":21,"b:109:7:109:Infinity:110:8:118:Infinity":4,"f:112:19:112:25":5,"s:112:25:112:Infinity":22,"b:117:24:117:41:117:41:117:Infinity":5,"b:121:7:121:Infinity:122:8:125:Infinity":6}}}
,"/home/edison-reinoso/Escritorio/sofka/sofka-front/FoodTech-Front/src/components/kitchen/TaskList.tsx": {"path":"/home/edison-reinoso/Escritorio/sofka/sofka-front/FoodTech-Front/src/components/kitchen/TaskList.tsx","statementMap":{"0":{"start":{"line":17,"column":2},"end":{"line":24,"column":null}},"1":{"start":{"line":18,"column":4},"end":{"line":22,"column":null}},"2":{"start":{"line":26,"column":2},"end":{"line":36,"column":null}},"3":{"start":{"line":29,"column":8},"end":{"line":34,"column":null}}},"fnMap":{"0":{"name":"TaskList","decl":{"start":{"line":11,"column":16},"end":{"line":11,"column":25}},"loc":{"start":{"line":16,"column":18},"end":{"line":38,"column":null}},"line":16},"1":{"name":"(anonymous_1)","decl":{"start":{"line":28,"column":17},"end":{"line":28,"column":18}},"loc":{"start":{"line":29,"column":8},"end":{"line":34,"column":null}},"line":29}},"branchMap":{"0":{"loc":{"start":{"line":15,"column":2},"end":{"line":15,"column":null}},"type":"default-arg","locations":[{"start":{"line":15,"column":17},"end":{"line":15,"column":null}}],"line":15},"1":{"loc":{"start":{"line":17,"column":2},"end":{"line":24,"column":null}},"type":"if","locations":[{"start":{"line":17,"column":2},"end":{"line":24,"column":null}},{"start":{},"end":{}}],"line":17}},"s":{"0":0,"1":0,"2":0,"3":0},"f":{"0":0,"1":0},"b":{"0":[0],"1":[0,0]},"meta":{"lastBranch":2,"lastFunction":2,"lastStatement":4,"seen":{"f:11:16:11:25":0,"b:15:17:15:Infinity":0,"b:17:2:24:Infinity:undefined:undefined:undefined:undefined":1,"s:17:2:24:Infinity":0,"s:18:4:22:Infinity":1,"s:26:2:36:Infinity":2,"f:28:17:28:18":1,"s:29:8:34:Infinity":3}}}
,"/home/edison-reinoso/Escritorio/sofka/sofka-front/FoodTech-Front/src/components/kitchen/TaskStatusFilter.tsx": {"path":"/home/edison-reinoso/Escritorio/sofka/sofka-front/FoodTech-Front/src/components/kitchen/TaskStatusFilter.tsx","statementMap":{"0":{"start":{"line":15,"column":18},"end":{"line":20,"column":null}},"1":{"start":{"line":22,"column":2},"end":{"line":37,"column":null}},"2":{"start":{"line":25,"column":8},"end":{"line":35,"column":null}},"3":{"start":{"line":27,"column":25},"end":{"line":27,"column":null}}},"fnMap":{"0":{"name":"TaskStatusFilter","decl":{"start":{"line":14,"column":16},"end":{"line":14,"column":33}},"loc":{"start":{"line":14,"column":104},"end":{"line":39,"column":null}},"line":14},"1":{"name":"(anonymous_1)","decl":{"start":{"line":24,"column":19},"end":{"line":24,"column":20}},"loc":{"start":{"line":25,"column":8},"end":{"line":35,"column":null}},"line":25},"2":{"name":"(anonymous_2)","decl":{"start":{"line":27,"column":19},"end":{"line":27,"column":25}},"loc":{"start":{"line":27,"column":25},"end":{"line":27,"column":null}},"line":27}},"branchMap":{"0":{"loc":{"start":{"line":29,"column":12},"end":{"line":31,"column":null}},"type":"cond-expr","locations":[{"start":{"line":30,"column":16},"end":{"line":30,"column":null}},{"start":{"line":31,"column":16},"end":{"line":31,"column":null}}],"line":29}},"s":{"0":0,"1":0,"2":0,"3":0},"f":{"0":0,"1":0,"2":0},"b":{"0":[0,0]},"meta":{"lastBranch":1,"lastFunction":3,"lastStatement":4,"seen":{"f:14:16:14:33":0,"s:15:18:20:Infinity":0,"s:22:2:37:Infinity":1,"f:24:19:24:20":1,"s:25:8:35:Infinity":2,"f:27:19:27:25":2,"s:27:25:27:Infinity":3,"b:30:16:30:Infinity:31:16:31:Infinity":0}}}
,"/home/edison-reinoso/Escritorio/sofka/sofka-front/FoodTech-Front/src/components/waiter/CategoryFilter.tsx": {"path":"/home/edison-reinoso/Escritorio/sofka/sofka-front/FoodTech-Front/src/components/waiter/CategoryFilter.tsx","statementMap":{"0":{"start":{"line":11,"column":30},"end":{"line":42,"column":null}},"1":{"start":{"line":15,"column":68},"end":{"line":20,"column":null}},"2":{"start":{"line":22,"column":2},"end":{"line":40,"column":null}},"3":{"start":{"line":25,"column":8},"end":{"line":38,"column":null}},"4":{"start":{"line":27,"column":25},"end":{"line":27,"column":null}}},"fnMap":{"0":{"name":"(anonymous_0)","decl":{"start":{"line":11,"column":30},"end":{"line":11,"column":31}},"loc":{"start":{"line":14,"column":27},"end":{"line":42,"column":null}},"line":14},"1":{"name":"(anonymous_1)","decl":{"start":{"line":24,"column":22},"end":{"line":24,"column":23}},"loc":{"start":{"line":25,"column":8},"end":{"line":38,"column":null}},"line":25},"2":{"name":"(anonymous_2)","decl":{"start":{"line":27,"column":19},"end":{"line":27,"column":25}},"loc":{"start":{"line":27,"column":25},"end":{"line":27,"column":null}},"line":27}},"branchMap":{"0":{"loc":{"start":{"line":31,"column":14},"end":{"line":33,"column":null}},"type":"cond-expr","locations":[{"start":{"line":32,"column":18},"end":{"line":32,"column":null}},{"start":{"line":33,"column":18},"end":{"line":33,"column":null}}],"line":31}},"s":{"0":1,"1":2,"2":2,"3":8,"4":0},"f":{"0":2,"1":8,"2":0},"b":{"0":[2,6]},"meta":{"lastBranch":1,"lastFunction":3,"lastStatement":5,"seen":{"s:11:30:42:Infinity":0,"f:11:30:11:31":0,"s:15:68:20:Infinity":1,"s:22:2:40:Infinity":2,"f:24:22:24:23":1,"s:25:8:38:Infinity":3,"f:27:19:27:25":2,"s:27:25:27:Infinity":4,"b:32:18:32:Infinity:33:18:33:Infinity":0}}}
,"/home/edison-reinoso/Escritorio/sofka/sofka-front/FoodTech-Front/src/components/waiter/KitchenStatus.tsx": {"path":"/home/edison-reinoso/Escritorio/sofka/sofka-front/FoodTech-Front/src/components/waiter/KitchenStatus.tsx","statementMap":{"0":{"start":{"line":24,"column":29},"end":{"line":259,"column":null}},"1":{"start":{"line":29,"column":40},"end":{"line":29,"column":null}},"2":{"start":{"line":34,"column":28},"end":{"line":50,"column":null}},"3":{"start":{"line":35,"column":19},"end":{"line":35,"column":null}},"4":{"start":{"line":37,"column":4},"end":{"line":47,"column":null}},"5":{"start":{"line":38,"column":6},"end":{"line":45,"column":null}},"6":{"start":{"line":39,"column":8},"end":{"line":44,"column":null}},"7":{"start":{"line":46,"column":6},"end":{"line":46,"column":null}},"8":{"start":{"line":49,"column":4},"end":{"line":49,"column":null}},"9":{"start":{"line":49,"column":54},"end":{"line":49,"column":75}},"10":{"start":{"line":55,"column":2},"end":{"line":78,"column":null}},"11":{"start":{"line":56,"column":27},"end":{"line":56,"column":null}},"12":{"start":{"line":56,"column":56},"end":{"line":56,"column":65}},"13":{"start":{"line":58,"column":31},"end":{"line":73,"column":null}},"14":{"start":{"line":59,"column":24},"end":{"line":59,"column":null}},"15":{"start":{"line":61,"column":6},"end":{"line":70,"column":null}},"16":{"start":{"line":63,"column":10},"end":{"line":68,"column":null}},"17":{"start":{"line":64,"column":27},"end":{"line":64,"column":null}},"18":{"start":{"line":65,"column":12},"end":{"line":65,"column":null}},"19":{"start":{"line":67,"column":12},"end":{"line":67,"column":null}},"20":{"start":{"line":72,"column":6},"end":{"line":72,"column":null}},"21":{"start":{"line":75,"column":4},"end":{"line":77,"column":null}},"22":{"start":{"line":76,"column":6},"end":{"line":76,"column":null}},"23":{"start":{"line":83,"column":28},"end":{"line":100,"column":null}},"24":{"start":{"line":84,"column":26},"end":{"line":84,"column":null}},"25":{"start":{"line":85,"column":21},"end":{"line":85,"column":null}},"26":{"start":{"line":87,"column":28},"end":{"line":87,"column":null}},"27":{"start":{"line":89,"column":4},"end":{"line":97,"column":null}},"28":{"start":{"line":90,"column":27},"end":{"line":90,"column":null}},"29":{"start":{"line":90,"column":52},"end":{"line":90,"column":73}},"30":{"start":{"line":91,"column":6},"end":{"line":96,"column":null}},"31":{"start":{"line":92,"column":29},"end":{"line":92,"column":null}},"32":{"start":{"line":92,"column":55},"end":{"line":92,"column":88}},"33":{"start":{"line":93,"column":8},"end":{"line":95,"column":null}},"34":{"start":{"line":94,"column":10},"end":{"line":94,"column":null}},"35":{"start":{"line":99,"column":4},"end":{"line":99,"column":null}},"36":{"start":{"line":105,"column":25},"end":{"line":120,"column":null}},"37":{"start":{"line":106,"column":4},"end":{"line":108,"column":null}},"38":{"start":{"line":107,"column":6},"end":{"line":107,"column":null}},"39":{"start":{"line":110,"column":4},"end":{"line":119,"column":null}},"40":{"start":{"line":112,"column":8},"end":{"line":112,"column":null}},"41":{"start":{"line":114,"column":8},"end":{"line":114,"column":null}},"42":{"start":{"line":116,"column":8},"end":{"line":116,"column":null}},"43":{"start":{"line":118,"column":8},"end":{"line":118,"column":null}},"44":{"start":{"line":125,"column":28},"end":{"line":140,"column":null}},"45":{"start":{"line":126,"column":4},"end":{"line":128,"column":null}},"46":{"start":{"line":127,"column":6},"end":{"line":127,"column":null}},"47":{"start":{"line":130,"column":4},"end":{"line":139,"column":null}},"48":{"start":{"line":132,"column":8},"end":{"line":132,"column":null}},"49":{"start":{"line":134,"column":8},"end":{"line":134,"column":null}},"50":{"start":{"line":136,"column":8},"end":{"line":136,"column":null}},"51":{"start":{"line":138,"column":8},"end":{"line":138,"column":null}},"52":{"start":{"line":142,"column":22},"end":{"line":142,"column":null}},"53":{"start":{"line":144,"column":2},"end":{"line":257,"column":null}},"54":{"start":{"line":172,"column":29},"end":{"line":172,"column":null}},"55":{"start":{"line":173,"column":31},"end":{"line":173,"column":null}},"56":{"start":{"line":174,"column":35},"end":{"line":174,"column":null}},"57":{"start":{"line":175,"column":35},"end":{"line":175,"column":null}},"58":{"start":{"line":175,"column":61},"end":{"line":175,"column":94}},"59":{"start":{"line":176,"column":31},"end":{"line":176,"column":null}},"60":{"start":{"line":178,"column":12},"end":{"line":252,"column":null}},"61":{"start":{"line":210,"column":49},"end":{"line":210,"column":62}},"62":{"start":{"line":211,"column":20},"end":{"line":218,"column":null}}},"fnMap":{"0":{"name":"(anonymous_0)","decl":{"start":{"line":24,"column":29},"end":{"line":24,"column":30}},"loc":{"start":{"line":28,"column":26},"end":{"line":259,"column":null}},"line":28},"1":{"name":"(anonymous_1)","decl":{"start":{"line":34,"column":28},"end":{"line":34,"column":48}},"loc":{"start":{"line":34,"column":48},"end":{"line":50,"column":null}},"line":34},"2":{"name":"(anonymous_2)","decl":{"start":{"line":37,"column":18},"end":{"line":37,"column":19}},"loc":{"start":{"line":37,"column":28},"end":{"line":47,"column":5}},"line":37},"3":{"name":"(anonymous_3)","decl":{"start":{"line":49,"column":44},"end":{"line":49,"column":45}},"loc":{"start":{"line":49,"column":54},"end":{"line":49,"column":75}},"line":49},"4":{"name":"(anonymous_4)","decl":{"start":{"line":55,"column":12},"end":{"line":55,"column":18}},"loc":{"start":{"line":55,"column":18},"end":{"line":78,"column":5}},"line":55},"5":{"name":"(anonymous_5)","decl":{"start":{"line":56,"column":49},"end":{"line":56,"column":50}},"loc":{"start":{"line":56,"column":56},"end":{"line":56,"column":65}},"line":56},"6":{"name":"(anonymous_6)","decl":{"start":{"line":58,"column":31},"end":{"line":58,"column":43}},"loc":{"start":{"line":58,"column":43},"end":{"line":73,"column":null}},"line":58},"7":{"name":"(anonymous_7)","decl":{"start":{"line":62,"column":27},"end":{"line":62,"column":34}},"loc":{"start":{"line":62,"column":46},"end":{"line":69,"column":9}},"line":62},"8":{"name":"(anonymous_8)","decl":{"start":{"line":83,"column":28},"end":{"line":83,"column":29}},"loc":{"start":{"line":83,"column":60},"end":{"line":100,"column":null}},"line":83},"9":{"name":"(anonymous_9)","decl":{"start":{"line":89,"column":21},"end":{"line":89,"column":22}},"loc":{"start":{"line":89,"column":34},"end":{"line":97,"column":5}},"line":89},"10":{"name":"(anonymous_10)","decl":{"start":{"line":90,"column":45},"end":{"line":90,"column":46}},"loc":{"start":{"line":90,"column":52},"end":{"line":90,"column":73}},"line":90},"11":{"name":"(anonymous_11)","decl":{"start":{"line":92,"column":48},"end":{"line":92,"column":49}},"loc":{"start":{"line":92,"column":55},"end":{"line":92,"column":88}},"line":92},"12":{"name":"(anonymous_12)","decl":{"start":{"line":105,"column":25},"end":{"line":105,"column":26}},"loc":{"start":{"line":105,"column":98},"end":{"line":120,"column":null}},"line":105},"13":{"name":"(anonymous_13)","decl":{"start":{"line":125,"column":28},"end":{"line":125,"column":29}},"loc":{"start":{"line":125,"column":75},"end":{"line":140,"column":null}},"line":125},"14":{"name":"(anonymous_14)","decl":{"start":{"line":171,"column":26},"end":{"line":171,"column":27}},"loc":{"start":{"line":171,"column":37},"end":{"line":254,"column":11}},"line":171},"15":{"name":"(anonymous_15)","decl":{"start":{"line":175,"column":54},"end":{"line":175,"column":55}},"loc":{"start":{"line":175,"column":61},"end":{"line":175,"column":94}},"line":175},"16":{"name":"(anonymous_16)","decl":{"start":{"line":210,"column":39},"end":{"line":210,"column":40}},"loc":{"start":{"line":210,"column":49},"end":{"line":210,"column":62}},"line":210},"17":{"name":"(anonymous_17)","decl":{"start":{"line":210,"column":68},"end":{"line":210,"column":69}},"loc":{"start":{"line":211,"column":20},"end":{"line":218,"column":null}},"line":211}},"branchMap":{"0":{"loc":{"start":{"line":38,"column":6},"end":{"line":45,"column":null}},"type":"if","locations":[{"start":{"line":38,"column":6},"end":{"line":45,"column":null}},{"start":{},"end":{}}],"line":38},"1":{"loc":{"start":{"line":75,"column":4},"end":{"line":77,"column":null}},"type":"if","locations":[{"start":{"line":75,"column":4},"end":{"line":77,"column":null}},{"start":{},"end":{}}],"line":75},"2":{"loc":{"start":{"line":91,"column":6},"end":{"line":96,"column":null}},"type":"if","locations":[{"start":{"line":91,"column":6},"end":{"line":96,"column":null}},{"start":{},"end":{}}],"line":91},"3":{"loc":{"start":{"line":93,"column":8},"end":{"line":95,"column":null}},"type":"if","locations":[{"start":{"line":93,"column":8},"end":{"line":95,"column":null}},{"start":{},"end":{}}],"line":93},"4":{"loc":{"start":{"line":106,"column":4},"end":{"line":108,"column":null}},"type":"if","locations":[{"start":{"line":106,"column":4},"end":{"line":108,"column":null}},{"start":{},"end":{}}],"line":106},"5":{"loc":{"start":{"line":110,"column":4},"end":{"line":119,"column":null}},"type":"switch","locations":[{"start":{"line":111,"column":6},"end":{"line":112,"column":null}},{"start":{"line":113,"column":6},"end":{"line":114,"column":null}},{"start":{"line":115,"column":6},"end":{"line":116,"column":null}},{"start":{"line":117,"column":6},"end":{"line":118,"column":null}}],"line":110},"6":{"loc":{"start":{"line":126,"column":4},"end":{"line":128,"column":null}},"type":"if","locations":[{"start":{"line":126,"column":4},"end":{"line":128,"column":null}},{"start":{},"end":{}}],"line":126},"7":{"loc":{"start":{"line":130,"column":4},"end":{"line":139,"column":null}},"type":"switch","locations":[{"start":{"line":131,"column":6},"end":{"line":132,"column":null}},{"start":{"line":133,"column":6},"end":{"line":134,"column":null}},{"start":{"line":135,"column":6},"end":{"line":136,"column":null}},{"start":{"line":137,"column":6},"end":{"line":138,"column":null}}],"line":130},"8":{"loc":{"start":{"line":161,"column":9},"end":{"line":254,"column":null}},"type":"cond-expr","locations":[{"start":{"line":162,"column":10},"end":{"line":169,"column":null}},{"start":{"line":171,"column":10},"end":{"line":254,"column":null}}],"line":161},"9":{"loc":{"start":{"line":193,"column":21},"end":{"line":200,"column":null}},"type":"cond-expr","locations":[{"start":{"line":194,"column":22},"end":{"line":196,"column":null}},{"start":{"line":197,"column":24},"end":{"line":200,"column":null}}],"line":193},"10":{"loc":{"start":{"line":197,"column":24},"end":{"line":200,"column":null}},"type":"cond-expr","locations":[{"start":{"line":198,"column":22},"end":{"line":198,"column":null}},{"start":{"line":200,"column":22},"end":{"line":200,"column":null}}],"line":197},"11":{"loc":{"start":{"line":223,"column":17},"end":{"line":236,"column":null}},"type":"binary-expr","locations":[{"start":{"line":223,"column":17},"end":{"line":223,"column":null}},{"start":{"line":224,"column":18},"end":{"line":236,"column":null}}],"line":223},"12":{"loc":{"start":{"line":240,"column":17},"end":{"line":243,"column":null}},"type":"binary-expr","locations":[{"start":{"line":240,"column":17},"end":{"line":240,"column":null}},{"start":{"line":241,"column":18},"end":{"line":243,"column":null}}],"line":240},"13":{"loc":{"start":{"line":247,"column":17},"end":{"line":250,"column":null}},"type":"binary-expr","locations":[{"start":{"line":247,"column":17},"end":{"line":247,"column":null}},{"start":{"line":248,"column":18},"end":{"line":250,"column":null}}],"line":247}},"s":{"0":1,"1":2,"2":2,"3":2,"4":2,"5":0,"6":0,"7":0,"8":2,"9":0,"10":2,"11":1,"12":0,"13":1,"14":0,"15":0,"16":0,"17":0,"18":0,"19":0,"20":0,"21":1,"22":0,"23":2,"24":0,"25":0,"26":0,"27":0,"28":0,"29":0,"30":0,"31":0,"32":0,"33":0,"34":0,"35":0,"36":2,"37":0,"38":0,"39":0,"40":0,"41":0,"42":0,"43":0,"44":2,"45":0,"46":0,"47":0,"48":0,"49":0,"50":0,"51":0,"52":2,"53":2,"54":0,"55":0,"56":0,"57":0,"58":0,"59":0,"60":0,"61":0,"62":0},"f":{"0":2,"1":2,"2":0,"3":0,"4":1,"5":0,"6":0,"7":0,"8":0,"9":0,"10":0,"11":0,"12":0,"13":0,"14":0,"15":0,"16":0,"17":0},"b":{"0":[0,0],"1":[0,1],"2":[0,0],"3":[0,0],"4":[0,0],"5":[0,0,0,0],"6":[0,0],"7":[0,0,0,0],"8":[2,0],"9":[0,0],"10":[0,0],"11":[0,0],"12":[0,0],"13":[0,0]},"meta":{"lastBranch":14,"lastFunction":18,"lastStatement":63,"seen":{"s:24:29:259:Infinity":0,"f:24:29:24:30":0,"s:29:40:29:Infinity":1,"s:34:28:50:Infinity":2,"f:34:28:34:48":1,"s:35:19:35:Infinity":3,"s:37:4:47:Infinity":4,"f:37:18:37:19":2,"b:38:6:45:Infinity:undefined:undefined:undefined:undefined":0,"s:38:6:45:Infinity":5,"s:39:8:44:Infinity":6,"s:46:6:46:Infinity":7,"s:49:4:49:Infinity":8,"f:49:44:49:45":3,"s:49:54:49:75":9,"s:55:2:78:Infinity":10,"f:55:12:55:18":4,"s:56:27:56:Infinity":11,"f:56:49:56:50":5,"s:56:56:56:65":12,"s:58:31:73:Infinity":13,"f:58:31:58:43":6,"s:59:24:59:Infinity":14,"s:61:6:70:Infinity":15,"f:62:27:62:34":7,"s:63:10:68:Infinity":16,"s:64:27:64:Infinity":17,"s:65:12:65:Infinity":18,"s:67:12:67:Infinity":19,"s:72:6:72:Infinity":20,"b:75:4:77:Infinity:undefined:undefined:undefined:undefined":1,"s:75:4:77:Infinity":21,"s:76:6:76:Infinity":22,"s:83:28:100:Infinity":23,"f:83:28:83:29":8,"s:84:26:84:Infinity":24,"s:85:21:85:Infinity":25,"s:87:28:87:Infinity":26,"s:89:4:97:Infinity":27,"f:89:21:89:22":9,"s:90:27:90:Infinity":28,"f:90:45:90:46":10,"s:90:52:90:73":29,"b:91:6:96:Infinity:undefined:undefined:undefined:undefined":2,"s:91:6:96:Infinity":30,"s:92:29:92:Infinity":31,"f:92:48:92:49":11,"s:92:55:92:88":32,"b:93:8:95:Infinity:undefined:undefined:undefined:undefined":3,"s:93:8:95:Infinity":33,"s:94:10:94:Infinity":34,"s:99:4:99:Infinity":35,"s:105:25:120:Infinity":36,"f:105:25:105:26":12,"b:106:4:108:Infinity:undefined:undefined:undefined:undefined":4,"s:106:4:108:Infinity":37,"s:107:6:107:Infinity":38,"b:111:6:112:Infinity:113:6:114:Infinity:115:6:116:Infinity:117:6:118:Infinity":5,"s:110:4:119:Infinity":39,"s:112:8:112:Infinity":40,"s:114:8:114:Infinity":41,"s:116:8:116:Infinity":42,"s:118:8:118:Infinity":43,"s:125:28:140:Infinity":44,"f:125:28:125:29":13,"b:126:4:128:Infinity:undefined:undefined:undefined:undefined":6,"s:126:4:128:Infinity":45,"s:127:6:127:Infinity":46,"b:131:6:132:Infinity:133:6:134:Infinity:135:6:136:Infinity:137:6:138:Infinity":7,"s:130:4:139:Infinity":47,"s:132:8:132:Infinity":48,"s:134:8:134:Infinity":49,"s:136:8:136:Infinity":50,"s:138:8:138:Infinity":51,"s:142:22:142:Infinity":52,"s:144:2:257:Infinity":53,"b:162:10:169:Infinity:171:10:254:Infinity":8,"f:171:26:171:27":14,"s:172:29:172:Infinity":54,"s:173:31:173:Infinity":55,"s:174:35:174:Infinity":56,"s:175:35:175:Infinity":57,"f:175:54:175:55":15,"s:175:61:175:94":58,"s:176:31:176:Infinity":59,"s:178:12:252:Infinity":60,"b:194:22:196:Infinity:197:24:200:Infinity":9,"b:198:22:198:Infinity:200:22:200:Infinity":10,"f:210:39:210:40":16,"s:210:49:210:62":61,"f:210:68:210:69":17,"s:211:20:218:Infinity":62,"b:223:17:223:Infinity:224:18:236:Infinity":11,"b:240:17:240:Infinity:241:18:243:Infinity":12,"b:247:17:247:Infinity:248:18:250:Infinity":13}}}
,"/home/edison-reinoso/Escritorio/sofka/sofka-front/FoodTech-Front/src/components/waiter/OrderSummary.tsx": {"path":"/home/edison-reinoso/Escritorio/sofka/sofka-front/FoodTech-Front/src/components/waiter/OrderSummary.tsx","statementMap":{"0":{"start":{"line":15,"column":28},"end":{"line":124,"column":null}},"1":{"start":{"line":23,"column":22},"end":{"line":23,"column":null}},"2":{"start":{"line":25,"column":2},"end":{"line":122,"column":null}},"3":{"start":{"line":41,"column":14},"end":{"line":72,"column":null}},"4":{"start":{"line":65,"column":33},"end":{"line":65,"column":null}}},"fnMap":{"0":{"name":"(anonymous_0)","decl":{"start":{"line":15,"column":28},"end":{"line":15,"column":29}},"loc":{"start":{"line":22,"column":25},"end":{"line":124,"column":null}},"line":22},"1":{"name":"(anonymous_1)","decl":{"start":{"line":40,"column":26},"end":{"line":40,"column":27}},"loc":{"start":{"line":41,"column":14},"end":{"line":72,"column":null}},"line":41},"2":{"name":"(anonymous_2)","decl":{"start":{"line":65,"column":27},"end":{"line":65,"column":33}},"loc":{"start":{"line":65,"column":33},"end":{"line":65,"column":null}},"line":65}},"branchMap":{"0":{"loc":{"start":{"line":29,"column":9},"end":{"line":32,"column":null}},"type":"binary-expr","locations":[{"start":{"line":29,"column":9},"end":{"line":29,"column":null}},{"start":{"line":30,"column":10},"end":{"line":32,"column":null}}],"line":29},"1":{"loc":{"start":{"line":37,"column":7},"end":{"line":120,"column":null}},"type":"cond-expr","locations":[{"start":{"line":38,"column":8},"end":{"line":111,"column":null}},{"start":{"line":113,"column":8},"end":{"line":120,"column":null}}],"line":37},"2":{"loc":{"start":{"line":95,"column":13},"end":{"line":108,"column":null}},"type":"cond-expr","locations":[{"start":{"line":96,"column":14},"end":{"line":101,"column":null}},{"start":{"line":103,"column":14},"end":{"line":108,"column":null}}],"line":95}},"s":{"0":1,"1":2,"2":2,"3":0,"4":0},"f":{"0":2,"1":0,"2":0},"b":{"0":[2,0],"1":[0,2],"2":[0,0]},"meta":{"lastBranch":3,"lastFunction":3,"lastStatement":5,"seen":{"s:15:28:124:Infinity":0,"f:15:28:15:29":0,"s:23:22:23:Infinity":1,"s:25:2:122:Infinity":2,"b:29:9:29:Infinity:30:10:32:Infinity":0,"b:38:8:111:Infinity:113:8:120:Infinity":1,"f:40:26:40:27":1,"s:41:14:72:Infinity":3,"f:65:27:65:33":2,"s:65:33:65:Infinity":4,"b:96:14:101:Infinity:103:14:108:Infinity":2}}}
,"/home/edison-reinoso/Escritorio/sofka/sofka-front/FoodTech-Front/src/components/waiter/ProductCard.tsx": {"path":"/home/edison-reinoso/Escritorio/sofka/sofka-front/FoodTech-Front/src/components/waiter/ProductCard.tsx","statementMap":{"0":{"start":{"line":12,"column":27},"end":{"line":69,"column":null}},"1":{"start":{"line":13,"column":2},"end":{"line":67,"column":null}},"2":{"start":{"line":19,"column":21},"end":{"line":19,"column":null}}},"fnMap":{"0":{"name":"(anonymous_0)","decl":{"start":{"line":12,"column":27},"end":{"line":12,"column":28}},"loc":{"start":{"line":12,"column":80},"end":{"line":69,"column":null}},"line":12},"1":{"name":"(anonymous_1)","decl":{"start":{"line":19,"column":15},"end":{"line":19,"column":21}},"loc":{"start":{"line":19,"column":21},"end":{"line":19,"column":null}},"line":19}},"branchMap":{"0":{"loc":{"start":{"line":23,"column":10},"end":{"line":25,"column":null}},"type":"cond-expr","locations":[{"start":{"line":24,"column":14},"end":{"line":24,"column":null}},{"start":{"line":25,"column":14},"end":{"line":25,"column":null}}],"line":23},"1":{"loc":{"start":{"line":36,"column":9},"end":{"line":39,"column":null}},"type":"binary-expr","locations":[{"start":{"line":36,"column":9},"end":{"line":36,"column":null}},{"start":{"line":37,"column":10},"end":{"line":39,"column":null}}],"line":36},"2":{"loc":{"start":{"line":46,"column":91},"end":{"line":46,"column":162}},"type":"cond-expr","locations":[{"start":{"line":46,"column":103},"end":{"line":46,"column":120}},{"start":{"line":46,"column":120},"end":{"line":46,"column":162}}],"line":46},"3":{"loc":{"start":{"line":49,"column":11},"end":{"line":50,"column":null}},"type":"binary-expr","locations":[{"start":{"line":49,"column":11},"end":{"line":49,"column":null}},{"start":{"line":50,"column":12},"end":{"line":50,"column":null}}],"line":49},"4":{"loc":{"start":{"line":59,"column":10},"end":{"line":61,"column":null}},"type":"cond-expr","locations":[{"start":{"line":60,"column":14},"end":{"line":60,"column":null}},{"start":{"line":61,"column":14},"end":{"line":61,"column":null}}],"line":59},"5":{"loc":{"start":{"line":64,"column":61},"end":{"line":64,"column":89}},"type":"cond-expr","locations":[{"start":{"line":64,"column":73},"end":{"line":64,"column":83}},{"start":{"line":64,"column":83},"end":{"line":64,"column":89}}],"line":64},"6":{"loc":{"start":{"line":65,"column":9},"end":{"line":65,"column":null}},"type":"cond-expr","locations":[{"start":{"line":65,"column":21},"end":{"line":65,"column":34}},{"start":{"line":65,"column":34},"end":{"line":65,"column":null}}],"line":65}},"s":{"0":1,"1":32,"2":0},"f":{"0":32,"1":0},"b":{"0":[0,32],"1":[32,0],"2":[0,32],"3":[32,32],"4":[0,32],"5":[0,32],"6":[0,32]},"meta":{"lastBranch":7,"lastFunction":2,"lastStatement":3,"seen":{"s:12:27:69:Infinity":0,"f:12:27:12:28":0,"s:13:2:67:Infinity":1,"f:19:15:19:21":1,"s:19:21:19:Infinity":2,"b:24:14:24:Infinity:25:14:25:Infinity":0,"b:36:9:36:Infinity:37:10:39:Infinity":1,"b:46:103:46:120:46:120:46:162":2,"b:49:11:49:Infinity:50:12:50:Infinity":3,"b:60:14:60:Infinity:61:14:61:Infinity":4,"b:64:73:64:83:64:83:64:89":5,"b:65:21:65:34:65:34:65:Infinity":6}}}
,"/home/edison-reinoso/Escritorio/sofka/sofka-front/FoodTech-Front/src/components/waiter/ProductGrid.tsx": {"path":"/home/edison-reinoso/Escritorio/sofka/sofka-front/FoodTech-Front/src/components/waiter/ProductGrid.tsx","statementMap":{"0":{"start":{"line":15,"column":27},"end":{"line":38,"column":null}},"1":{"start":{"line":22,"column":4},"end":{"line":24,"column":null}},"2":{"start":{"line":24,"column":31},"end":{"line":24,"column":58}},"3":{"start":{"line":26,"column":2},"end":{"line":36,"column":null}},"4":{"start":{"line":29,"column":8},"end":{"line":34,"column":null}}},"fnMap":{"0":{"name":"(anonymous_0)","decl":{"start":{"line":15,"column":27},"end":{"line":15,"column":28}},"loc":{"start":{"line":20,"column":24},"end":{"line":38,"column":null}},"line":20},"1":{"name":"(anonymous_1)","decl":{"start":{"line":24,"column":24},"end":{"line":24,"column":25}},"loc":{"start":{"line":24,"column":31},"end":{"line":24,"column":58}},"line":24},"2":{"name":"(anonymous_2)","decl":{"start":{"line":28,"column":28},"end":{"line":28,"column":29}},"loc":{"start":{"line":29,"column":8},"end":{"line":34,"column":null}},"line":29}},"branchMap":{"0":{"loc":{"start":{"line":22,"column":4},"end":{"line":24,"column":null}},"type":"cond-expr","locations":[{"start":{"line":23,"column":8},"end":{"line":23,"column":null}},{"start":{"line":24,"column":8},"end":{"line":24,"column":null}}],"line":22}},"s":{"0":1,"1":2,"2":0,"3":2,"4":32},"f":{"0":2,"1":0,"2":32},"b":{"0":[2,0]},"meta":{"lastBranch":1,"lastFunction":3,"lastStatement":5,"seen":{"s:15:27:38:Infinity":0,"f:15:27:15:28":0,"s:22:4:24:Infinity":1,"b:23:8:23:Infinity:24:8:24:Infinity":0,"f:24:24:24:25":1,"s:24:31:24:58":2,"s:26:2:36:Infinity":3,"f:28:28:28:29":2,"s:29:8:34:Infinity":4}}}
,"/home/edison-reinoso/Escritorio/sofka/sofka-front/FoodTech-Front/src/components/waiter/TableCard.tsx": {"path":"/home/edison-reinoso/Escritorio/sofka/sofka-front/FoodTech-Front/src/components/waiter/TableCard.tsx","statementMap":{"0":{"start":{"line":13,"column":25},"end":{"line":70,"column":null}},"1":{"start":{"line":14,"column":21},"end":{"line":14,"column":null}},"2":{"start":{"line":16,"column":2},"end":{"line":68,"column":null}},"3":{"start":{"line":22,"column":21},"end":{"line":22,"column":null}}},"fnMap":{"0":{"name":"(anonymous_0)","decl":{"start":{"line":13,"column":25},"end":{"line":13,"column":26}},"loc":{"start":{"line":13,"column":78},"end":{"line":70,"column":null}},"line":13},"1":{"name":"(anonymous_1)","decl":{"start":{"line":22,"column":15},"end":{"line":22,"column":21}},"loc":{"start":{"line":22,"column":21},"end":{"line":22,"column":null}},"line":22}},"branchMap":{"0":{"loc":{"start":{"line":22,"column":21},"end":{"line":22,"column":null}},"type":"binary-expr","locations":[{"start":{"line":22,"column":21},"end":{"line":22,"column":36}},{"start":{"line":22,"column":36},"end":{"line":22,"column":null}}],"line":22},"1":{"loc":{"start":{"line":27,"column":10},"end":{"line":31,"column":null}},"type":"cond-expr","locations":[{"start":{"line":28,"column":14},"end":{"line":28,"column":null}},{"start":{"line":29,"column":14},"end":{"line":31,"column":null}}],"line":27},"2":{"loc":{"start":{"line":29,"column":14},"end":{"line":31,"column":null}},"type":"cond-expr","locations":[{"start":{"line":30,"column":14},"end":{"line":30,"column":null}},{"start":{"line":31,"column":14},"end":{"line":31,"column":null}}],"line":29},"3":{"loc":{"start":{"line":38,"column":10},"end":{"line":42,"column":null}},"type":"cond-expr","locations":[{"start":{"line":39,"column":14},"end":{"line":39,"column":null}},{"start":{"line":40,"column":14},"end":{"line":42,"column":null}}],"line":38},"4":{"loc":{"start":{"line":40,"column":14},"end":{"line":42,"column":null}},"type":"cond-expr","locations":[{"start":{"line":41,"column":14},"end":{"line":41,"column":null}},{"start":{"line":42,"column":14},"end":{"line":42,"column":null}}],"line":40},"5":{"loc":{"start":{"line":50,"column":10},"end":{"line":54,"column":null}},"type":"cond-expr","locations":[{"start":{"line":51,"column":14},"end":{"line":51,"column":null}},{"start":{"line":52,"column":14},"end":{"line":54,"column":null}}],"line":50},"6":{"loc":{"start":{"line":52,"column":14},"end":{"line":54,"column":null}},"type":"cond-expr","locations":[{"start":{"line":53,"column":14},"end":{"line":53,"column":null}},{"start":{"line":54,"column":14},"end":{"line":54,"column":null}}],"line":52},"7":{"loc":{"start":{"line":57,"column":9},"end":{"line":57,"column":null}},"type":"cond-expr","locations":[{"start":{"line":57,"column":22},"end":{"line":57,"column":34}},{"start":{"line":57,"column":34},"end":{"line":57,"column":null}}],"line":57},"8":{"loc":{"start":{"line":61,"column":10},"end":{"line":65,"column":null}},"type":"cond-expr","locations":[{"start":{"line":62,"column":14},"end":{"line":62,"column":null}},{"start":{"line":63,"column":14},"end":{"line":65,"column":null}}],"line":61},"9":{"loc":{"start":{"line":63,"column":14},"end":{"line":65,"column":null}},"type":"cond-expr","locations":[{"start":{"line":64,"column":14},"end":{"line":64,"column":null}},{"start":{"line":65,"column":14},"end":{"line":65,"column":null}}],"line":63}},"s":{"0":1,"1":16,"2":16,"3":0},"f":{"0":16,"1":0},"b":{"0":[0,0],"1":[0,16],"2":[0,16],"3":[0,16],"4":[0,16],"5":[0,16],"6":[0,16],"7":[0,16],"8":[0,16],"9":[0,16]},"meta":{"lastBranch":10,"lastFunction":2,"lastStatement":4,"seen":{"s:13:25:70:Infinity":0,"f:13:25:13:26":0,"s:14:21:14:Infinity":1,"s:16:2:68:Infinity":2,"f:22:15:22:21":1,"s:22:21:22:Infinity":3,"b:22:21:22:36:22:36:22:Infinity":0,"b:28:14:28:Infinity:29:14:31:Infinity":1,"b:30:14:30:Infinity:31:14:31:Infinity":2,"b:39:14:39:Infinity:40:14:42:Infinity":3,"b:41:14:41:Infinity:42:14:42:Infinity":4,"b:51:14:51:Infinity:52:14:54:Infinity":5,"b:53:14:53:Infinity:54:14:54:Infinity":6,"b:57:22:57:34:57:34:57:Infinity":7,"b:62:14:62:Infinity:63:14:65:Infinity":8,"b:64:14:64:Infinity:65:14:65:Infinity":9}}}
,"/home/edison-reinoso/Escritorio/sofka/sofka-front/FoodTech-Front/src/components/waiter/TableSelector.tsx": {"path":"/home/edison-reinoso/Escritorio/sofka/sofka-front/FoodTech-Front/src/components/waiter/TableSelector.tsx","statementMap":{"0":{"start":{"line":13,"column":29},"end":{"line":55,"column":null}},"1":{"start":{"line":18,"column":2},"end":{"line":53,"column":null}},"2":{"start":{"line":44,"column":12},"end":{"line":49,"column":null}}},"fnMap":{"0":{"name":"(anonymous_0)","decl":{"start":{"line":13,"column":29},"end":{"line":13,"column":30}},"loc":{"start":{"line":17,"column":26},"end":{"line":55,"column":null}},"line":17},"1":{"name":"(anonymous_1)","decl":{"start":{"line":43,"column":22},"end":{"line":43,"column":23}},"loc":{"start":{"line":44,"column":12},"end":{"line":49,"column":null}},"line":44}},"branchMap":{},"s":{"0":1,"1":2,"2":16},"f":{"0":2,"1":16},"b":{},"meta":{"lastBranch":0,"lastFunction":2,"lastStatement":3,"seen":{"s:13:29:55:Infinity":0,"f:13:29:13:30":0,"s:18:2:53:Infinity":1,"f:43:22:43:23":1,"s:44:12:49:Infinity":2}}}
,"/home/edison-reinoso/Escritorio/sofka/sofka-front/FoodTech-Front/src/helpers/menuData.ts": {"path":"/home/edison-reinoso/Escritorio/sofka/sofka-front/FoodTech-Front/src/helpers/menuData.ts","statementMap":{"0":{"start":{"line":4,"column":40},"end":{"line":138,"column":null}}},"fnMap":{},"branchMap":{},"s":{"0":1},"f":{},"b":{},"meta":{"lastBranch":0,"lastFunction":0,"lastStatement":1,"seen":{"s:4:40:138:Infinity":0}}}
,"/home/edison-reinoso/Escritorio/sofka/sofka-front/FoodTech-Front/src/helpers/orderCalculator.ts": {"path":"/home/edison-reinoso/Escritorio/sofka/sofka-front/FoodTech-Front/src/helpers/orderCalculator.ts","statementMap":{"0":{"start":{"line":4,"column":2},"end":{"line":4,"column":null}},"1":{"start":{"line":4,"column":43},"end":{"line":4,"column":67}},"2":{"start":{"line":8,"column":2},"end":{"line":8,"column":null}},"3":{"start":{"line":8,"column":43},"end":{"line":8,"column":85}}},"fnMap":{"0":{"name":"calculateTotalItems","decl":{"start":{"line":3,"column":16},"end":{"line":3,"column":36}},"loc":{"start":{"line":3,"column":70},"end":{"line":5,"column":null}},"line":3},"1":{"name":"(anonymous_1)","decl":{"start":{"line":4,"column":25},"end":{"line":4,"column":26}},"loc":{"start":{"line":4,"column":43},"end":{"line":4,"column":67}},"line":4},"2":{"name":"calculateTotalPrice","decl":{"start":{"line":7,"column":16},"end":{"line":7,"column":36}},"loc":{"start":{"line":7,"column":70},"end":{"line":9,"column":null}},"line":7},"3":{"name":"(anonymous_3)","decl":{"start":{"line":8,"column":25},"end":{"line":8,"column":26}},"loc":{"start":{"line":8,"column":43},"end":{"line":8,"column":85}},"line":8}},"branchMap":{},"s":{"0":3,"1":3,"2":5,"3":3},"f":{"0":3,"1":3,"2":5,"3":3},"b":{},"meta":{"lastBranch":0,"lastFunction":4,"lastStatement":4,"seen":{"f:3:16:3:36":0,"s:4:2:4:Infinity":0,"f:4:25:4:26":1,"s:4:43:4:67":1,"f:7:16:7:36":2,"s:8:2:8:Infinity":2,"f:8:25:8:26":3,"s:8:43:8:85":3}}}
,"/home/edison-reinoso/Escritorio/sofka/sofka-front/FoodTech-Front/src/hooks/useAuth.ts": {"path":"/home/edison-reinoso/Escritorio/sofka/sofka-front/FoodTech-Front/src/hooks/useAuth.ts","statementMap":{"0":{"start":{"line":14,"column":23},"end":{"line":81,"column":null}},"1":{"start":{"line":15,"column":44},"end":{"line":17,"column":null}},"2":{"start":{"line":16,"column":4},"end":{"line":16,"column":null}},"3":{"start":{"line":18,"column":24},"end":{"line":20,"column":null}},"4":{"start":{"line":19,"column":4},"end":{"line":19,"column":null}},"5":{"start":{"line":21,"column":32},"end":{"line":21,"column":null}},"6":{"start":{"line":22,"column":24},"end":{"line":22,"column":null}},"7":{"start":{"line":23,"column":8},"end":{"line":23,"column":null}},"8":{"start":{"line":24,"column":2},"end":{"line":28,"column":null}},"9":{"start":{"line":25,"column":24},"end":{"line":25,"column":null}},"10":{"start":{"line":26,"column":4},"end":{"line":26,"column":null}},"11":{"start":{"line":27,"column":4},"end":{"line":27,"column":null}},"12":{"start":{"line":30,"column":16},"end":{"line":46,"column":null}},"13":{"start":{"line":31,"column":4},"end":{"line":31,"column":null}},"14":{"start":{"line":32,"column":4},"end":{"line":32,"column":null}},"15":{"start":{"line":34,"column":4},"end":{"line":45,"column":null}},"16":{"start":{"line":35,"column":6},"end":{"line":35,"column":null}},"17":{"start":{"line":36,"column":23},"end":{"line":36,"column":null}},"18":{"start":{"line":37,"column":6},"end":{"line":37,"column":null}},"19":{"start":{"line":38,"column":6},"end":{"line":38,"column":null}},"20":{"start":{"line":40,"column":6},"end":{"line":40,"column":null}},"21":{"start":{"line":41,"column":6},"end":{"line":41,"column":null}},"22":{"start":{"line":42,"column":6},"end":{"line":42,"column":null}},"23":{"start":{"line":44,"column":6},"end":{"line":44,"column":null}},"24":{"start":{"line":48,"column":17},"end":{"line":53,"column":null}},"25":{"start":{"line":49,"column":4},"end":{"line":49,"column":null}},"26":{"start":{"line":50,"column":4},"end":{"line":50,"column":null}},"27":{"start":{"line":51,"column":4},"end":{"line":51,"column":null}},"28":{"start":{"line":52,"column":4},"end":{"line":52,"column":null}},"29":{"start":{"line":55,"column":19},"end":{"line":70,"column":null}},"30":{"start":{"line":56,"column":4},"end":{"line":56,"column":null}},"31":{"start":{"line":57,"column":4},"end":{"line":57,"column":null}},"32":{"start":{"line":58,"column":4},"end":{"line":69,"column":null}},"33":{"start":{"line":59,"column":6},"end":{"line":59,"column":null}},"34":{"start":{"line":60,"column":6},"end":{"line":60,"column":null}},"35":{"start":{"line":61,"column":6},"end":{"line":61,"column":null}},"36":{"start":{"line":63,"column":22},"end":{"line":63,"column":null}},"37":{"start":{"line":64,"column":6},"end":{"line":64,"column":null}},"38":{"start":{"line":65,"column":6},"end":{"line":65,"column":null}},"39":{"start":{"line":66,"column":6},"end":{"line":66,"column":null}},"40":{"start":{"line":68,"column":6},"end":{"line":68,"column":null}},"41":{"start":{"line":72,"column":2},"end":{"line":80,"column":null}}},"fnMap":{"0":{"name":"(anonymous_0)","decl":{"start":{"line":14,"column":23},"end":{"line":14,"column":44}},"loc":{"start":{"line":14,"column":44},"end":{"line":81,"column":null}},"line":14},"1":{"name":"(anonymous_1)","decl":{"start":{"line":15,"column":66},"end":{"line":15,"column":null}},"loc":{"start":{"line":16,"column":4},"end":{"line":16,"column":null}},"line":16},"2":{"name":"(anonymous_2)","decl":{"start":{"line":18,"column":52},"end":{"line":18,"column":null}},"loc":{"start":{"line":19,"column":4},"end":{"line":19,"column":null}},"line":19},"3":{"name":"(anonymous_3)","decl":{"start":{"line":24,"column":12},"end":{"line":24,"column":18}},"loc":{"start":{"line":24,"column":18},"end":{"line":28,"column":5}},"line":24},"4":{"name":"(anonymous_4)","decl":{"start":{"line":30,"column":16},"end":{"line":30,"column":23}},"loc":{"start":{"line":30,"column":103},"end":{"line":46,"column":null}},"line":30},"5":{"name":"(ano
[...]
,"/home/edison-reinoso/Escritorio/sofka/sofka-front/FoodTech-Front/src/views/ColdKitchenView.tsx": {"path":"/home/edison-reinoso/Escritorio/sofka/sofka-front/FoodTech-Front/src/views/ColdKitchenView.tsx","statementMap":{"0":{"start":{"line":17,"column":2},"end":{"line":17,"column":null}},"1":{"start":{"line":19,"column":2},"end":{"line":59,"column":null}}},"fnMap":{"0":{"name":"ColdKitchenView","decl":{"start":{"line":7,"column":16},"end":{"line":7,"column":34}},"loc":{"start":{"line":7,"column":34},"end":{"line":61,"column":null}},"line":7}},"branchMap":{"0":{"loc":{"start":{"line":34,"column":9},"end":{"line":40,"column":null}},"type":"binary-expr","locations":[{"start":{"line":34,"column":9},"end":{"line":34,"column":null}},{"start":{"line":35,"column":10},"end":{"line":40,"column":null}}],"line":34},"1":{"loc":{"start":{"line":43,"column":9},"end":{"line":56,"column":null}},"type":"cond-expr","locations":[{"start":{"line":44,"column":10},"end":{"line":49,"column":null}},{"start":{"line":51,"column":10},"end":{"line":56,"column":null}}],"line":43},"2":{"loc":{"start":{"line":43,"column":9},"end":{"line":43,"column":null}},"type":"binary-expr","locations":[{"start":{"line":43,"column":9},"end":{"line":43,"column":20}},{"start":{"line":43,"column":20},"end":{"line":43,"column":null}}],"line":43},"3":{"loc":{"start":{"line":55,"column":26},"end":{"line":55,"column":null}},"type":"cond-expr","locations":[{"start":{"line":55,"column":53},"end":{"line":55,"column":79}},{"start":{"line":55,"column":79},"end":{"line":55,"column":null}}],"line":55}},"s":{"0":0,"1":0},"f":{"0":0},"b":{"0":[0,0],"1":[0,0],"2":[0,0],"3":[0,0]},"meta":{"lastBranch":4,"lastFunction":1,"lastStatement":2,"seen":{"f:7:16:7:34":0,"s:17:2:17:Infinity":0,"s:19:2:59:Infinity":1,"b:34:9:34:Infinity:35:10:40:Infinity":0,"b:44:10:49:Infinity:51:10:56:Infinity":1,"b:43:9:43:20:43:20:43:Infinity":2,"b:55:53:55:79:55:79:55:Infinity":3}}}
,"/home/edison-reinoso/Escritorio/sofka/sofka-front/FoodTech-Front/src/views/HotKitchenView.tsx": {"path":"/home/edison-reinoso/Escritorio/sofka/sofka-front/FoodTech-Front/src/views/HotKitchenView.tsx","statementMap":{"0":{"start":{"line":17,"column":2},"end":{"line":17,"column":null}},"1":{"start":{"line":19,"column":2},"end":{"line":59,"column":null}}},"fnMap":{"0":{"name":"HotKitchenView","decl":{"start":{"line":7,"column":16},"end":{"line":7,"column":33}},"loc":{"start":{"line":7,"column":33},"end":{"line":61,"column":null}},"line":7}},"branchMap":{"0":{"loc":{"start":{"line":34,"column":9},"end":{"line":40,"column":null}},"type":"binary-expr","locations":[{"start":{"line":34,"column":9},"end":{"line":34,"column":null}},{"start":{"line":35,"column":10},"end":{"line":40,"column":null}}],"line":34},"1":{"loc":{"start":{"line":43,"column":9},"end":{"line":56,"column":null}},"type":"cond-expr","locations":[{"start":{"line":44,"column":10},"end":{"line":49,"column":null}},{"start":{"line":51,"column":10},"end":{"line":56,"column":null}}],"line":43},"2":{"loc":{"start":{"line":43,"column":9},"end":{"line":43,"column":null}},"type":"binary-expr","locations":[{"start":{"line":43,"column":9},"end":{"line":43,"column":20}},{"start":{"line":43,"column":20},"end":{"line":43,"column":null}}],"line":43},"3":{"loc":{"start":{"line":55,"column":26},"end":{"line":55,"column":null}},"type":"cond-expr","locations":[{"start":{"line":55,"column":53},"end":{"line":55,"column":79}},{"start":{"line":55,"column":79},"end":{"line":55,"column":null}}],"line":55}},"s":{"0":0,"1":0},"f":{"0":0},"b":{"0":[0,0],"1":[0,0],"2":[0,0],"3":[0,0]},"meta":{"lastBranch":4,"lastFunction":1,"lastStatement":2,"seen":{"f:7:16:7:33":0,"s:17:2:17:Infinity":0,"s:19:2:59:Infinity":1,"b:34:9:34:Infinity:35:10:40:Infinity":0,"b:44:10:49:Infinity:51:10:56:Infinity":1,"b:43:9:43:20:43:20:43:Infinity":2,"b:55:53:55:79:55:79:55:Infinity":3}}}
,"/home/edison-reinoso/Escritorio/sofka/sofka-front/FoodTech-Front/src/views/LoginView.tsx": {"path":"/home/edison-reinoso/Escritorio/sofka/sofka-front/FoodTech-Front/src/views/LoginView.tsx","statementMap":{"0":{"start":{"line":5,"column":25},"end":{"line":191,"column":null}},"1":{"start":{"line":6,"column":24},"end":{"line":6,"column":null}},"2":{"start":{"line":7,"column":30},"end":{"line":7,"column":null}},"3":{"start":{"line":8,"column":30},"end":{"line":8,"column":null}},"4":{"start":{"line":9,"column":34},"end":{"line":9,"column":null}},"5":{"start":{"line":10,"column":30},"end":{"line":10,"column":null}},"6":{"start":{"line":11,"column":42},"end":{"line":11,"column":null}},"7":{"start":{"line":13,"column":61},"end":{"line":13,"column":null}},"8":{"start":{"line":14,"column":8},"end":{"line":14,"column":null}},"9":{"start":{"line":16,"column":2},"end":{"line":20,"column":null}},"10":{"start":{"line":17,"column":4},"end":{"line":19,"column":null}},"11":{"start":{"line":18,"column":6},"end":{"line":18,"column":null}},"12":{"start":{"line":22,"column":23},"end":{"line":37,"column":null}},"13":{"start":{"line":23,"column":4},"end":{"line":23,"column":null}},"14":{"start":{"line":25,"column":4},"end":{"line":29,"column":null}},"15":{"start":{"line":26,"column":6},"end":{"line":26,"column":null}},"16":{"start":{"line":27,"column":6},"end":{"line":27,"column":null}},"17":{"start":{"line":28,"column":6},"end":{"line":28,"column":null}},"18":{"start":{"line":31,"column":4},"end":{"line":36,"column":null}},"19":{"start":{"line":32,"column":6},"end":{"line":32,"column":null}},"20":{"start":{"line":34,"column":6},"end":{"line":34,"column":null}},"21":{"start":{"line":39,"column":21},"end":{"line":45,"column":null}},"22":{"start":{"line":40,"column":4},"end":{"line":40,"column":null}},"23":{"start":{"line":41,"column":4},"end":{"line":41,"column":null}},"24":{"start":{"line":42,"column":4},"end":{"line":42,"column":null}},"25":{"start":{"line":43,"column":4},"end":{"line":43,"column":null}},"26":{"start":{"line":44,"column":4},"end":{"line":44,"column":null}},"27":{"start":{"line":47,"column":2},"end":{"line":189,"column":null}},"28":{"start":{"line":72,"column":31},"end":{"line":72,"column":null}},"29":{"start":{"line":92,"column":33},"end":{"line":92,"column":null}},"30":{"start":{"line":112,"column":31},"end":{"line":112,"column":null}},"31":{"start":{"line":136,"column":33},"end":{"line":136,"column":null}},"32":{"start":{"line":152,"column":16},"end":{"line":152,"column":null}},"33":{"start":{"line":153,"column":16},"end":{"line":153,"column":null}},"34":{"start":{"line":153,"column":38},"end":{"line":153,"column":null}}},"fnMap":{"0":{"name":"(anonymous_0)","decl":{"start":{"line":5,"column":25},"end":{"line":5,"column":31}},"loc":{"start":{"line":5,"column":31},"end":{"line":191,"column":null}},"line":5},"1":{"name":"(anonymous_1)","decl":{"start":{"line":16,"column":12},"end":{"line":16,"column":18}},"loc":{"start":{"line":16,"column":18},"end":{"line":20,"column":5}},"line":16},"2":{"name":"(anonymous_2)","decl":{"start":{"line":22,"column":23},"end":{"line":22,"column":30}},"loc":{"start":{"line":22,"column":53},"end":{"line":37,"column":null}},"line":22},"3":{"name":"(anonymous_3)","decl":{"start":{"line":39,"column":21},"end":{"line":39,"column":27}},"loc":{"start":{"line":39,"column":27},"end":{"line":45,"column":null}},"line":39},"4":{"name":"(anonymous_4)","decl":{"start":{"line":72,"column":24},"end":{"line":72,"column":25}},"loc":{"start":{"line":72,"column":31},"end":{"line":72,"column":null}},"line":72},"5":{"name":"(anonymous_5)","decl":{"start":{"line":92,"column":26},"end":{"line":92,"column":27}},"loc":{"start":{"line":92,"column":33},"end":{"line":92,"column":null}},"line":92},"6":{"name":"(anonymous_6)","decl":{"start":{"line":112,"column":24},"end":{"line":112,"column":25}},"loc":{"start":{"line":112,"column":31},"end":{"line":112,"column":null}},"line":112},"7":{"name":"(anonymous_7)","decl":{"start":{"line":136,"column":26},"end":{"line":136,"column":27}},"loc":{"start":{"line":136,"column":33},"end":{"line":136,"column":null}},"line":136},"8":{"name":"(anonymous_8)","decl":{"start":{"line":151,"column":24},"end":{"line":151,"column":25}},"loc":{"start":{"line":151,"column":31},"end":{"line":154,"column":null}},"line":151}},"branchMap":{"0":{"loc":{"start":{"line":17,"column":4},"end":{"line":19,"column":null}},"type":"if","locations":[{"start":{"line":17,"column":4},"end":{"line":19,"column":null}},{"start":{},"end":{}}],"line":17},"1":{"loc":{"start":{"line":25,"column":4},"end":{"line":29,"column":null}},"type":"if","locations":[{"start":{"line":25,"column":4},"end":{"line":29,"column":null}},{"start":{},"end":{}}],"line":25},"2":{"loc":{"start":{"line":31,"column":4},"end":{"line":36,"column":null}},"type":"if","locations":[{"start":{"line":31,"column":4},"end":{"line":36,"column":null}},{"start":{"line":33,"column":11},"end":{"line":36,"column":null}}],"line":31},"3":{"loc":{"start":{"line":55,"column":13},"end":{"line":55,"column":null}},"type":"cond-expr","locations":[{"start":{"line":55,"column":30},"end":{"line":55,"column":52}},{"start":{"line":55,"column":52},"end":{"line":55,"column":null}}],"line":55},"4":{"loc":{"start":{"line":58,"column":13},"end":{"line":58,"column":null}},"type":"cond-expr","locations":[{"start":{"line":58,"column":30},"end":{"line":58,"column":63}},{"start":{"line":58,"column":63},"end":{"line":58,"column":null}}],"line":58},"5":{"loc":{"start":{"line":67,"column":15},"end":{"line":67,"column":null}},"type":"cond-expr","locations":[{"start":{"line":67,"column":33},"end":{"line":67,"column":54}},{"start":{"line":67,"column":54},"end":{"line":67,"column":null}}],"line":67},"6":{"loc":{"start":{"line":83,"column":11},"end":{"line":100,"column":null}},"type":"binary-expr","locations":[{"start":{"line":83,"column":11},"end":{"line":83,"column":null}},{"start":{"line":84,"column":12},"end":{"line":100,"column":null}}],"line":83},"7":{"loc":{"start":{"line":93,"column":26},"end":{"line":93,"column":null}},"type":"binary-expr","locations":[{"start":{"line":93,"column":26},"end":{"line":93,"column":44}},{"start":{"line":93,"column":44},"end":{"line":93,"column":null}}],"line":93},"8":{"loc":{"start":{"line":123,"column":11},"end":{"line":126,"column":null}},"type":"binary-expr","locations":[{"start":{"line":123,"column":11},"end":{"line":123,"column":null}},{"start":{"line":124,"column":12},"end":{"line":126,"column":null}}],"line":123},"9":{"loc":{"start":{"line":130,"column":11},"end":{"line":142,"column":null}},"type":"binary-expr","locations":[{"start":{"line":130,"column":11},"end":{"line":130,"column":30}},{"start":{"line":130,"column":30},"end":{"line":130,"column":null}},{"start":{"line":131,"column":12},"end":{"line":142,"column":null}}],"line":130},"10":{"loc":{"start":{"line":153,"column":16},"end":{"line":153,"column":null}},"type":"if","locations":[{"start":{"line":153,"column":16},"end":{"line":153,"column":null}},{"start":{},"end":{}}],"line":153},"11":{"loc":{"start":{"line":170,"column":13},"end":{"line":172,"column":null}},"type":"cond-expr","locations":[{"start":{"line":171,"column":17},"end":{"line":171,"column":null}},{"start":{"line":172,"column":17},"end":{"line":172,"column":null}}],"line":170},"12":{"loc":{"start":{"line":171,"column":17},"end":{"line":171,"column":null}},"type":"cond-expr","locations":[{"start":{"line":171,"column":34},"end":{"line":171,"column":53}},{"start":{"line":171,"column":53},"end":{"line":171,"column":null}}],"line":171},"13":{"loc":{"start":{"line":172,"column":17},"end":{"line":172,"column":null}},"type":"cond-expr","locations":[{"start":{"line":172,"column":34},"end":{"line":172,"column":50}},{"start":{"line":172,"column":50},"end":{"line":172,"column":null}}],"line":172},"14":{"loc":{"start":{"line":182,"column":15},"end":{"line":184,"column":null}},"type":"cond-expr","locations":[{"start":{"line":183,"column":18},"end":{"line":183,"column":null}},{"start":{"line":184,"column":18},"end":{"line":184,"column":null}}],"line":182}},"s":{"0":19,"1":74,"2":74,"3":74,"4":74,"5":74,"6":74,"7":74,"8":74,"9":74,"10":38,"11":1,"12":74,"13":8,"14":8,"15":2,"16":2,"17":2,"18":6,"19":2,"20":4,"21":74,"22":14,"23":14,"24":14,"25":14,"26":14,"27":74,"28":8,"29":2,"30":8,"31":2,"32":2,"33":2,"34":2},"f":{"0":74,"1":38,"2":8,"3":14,"4":8,"5":2,"6":8,"7":2,"8":2},"b":{"0":[1,37],"1":[2,6],"2":[2,4],"3":[18,56],"4":[18,56],"5":[56,18],"6":[74,18],"7":[18,18],"8":[74,2],"9":[74,56,52],"10":[2,0],"11":[2,72],"12":[0,2],"13":[18,54],"14":[18,56]},"meta":{"lastBranch":15,"lastFunction":9,"lastStatement":35,"seen":{"s:5:25:191:Infinity":0,"f:5:25:5:31":0,"s:6:24:6:Infinity":1,"s:7:30:7:Infinity":2,"s:8:30:8:Infinity":3,"s:9:34:9:Infinity":4,"s:10:30:10:Infinity":5,"s:11:42:11:Infinity":6,"s:13:61:13:Infinity":7,"s:14:8:14:Infinity":8,"s:16:2:20:Infinity":9,"f:16:12:16:18":1,"b:17:4:19:Infinity:undefined:undefined:undefined:undefined":0,"s:17:4:19:Infinity":10,"s:18:6:18:Infinity":11,"s:22:23:37:Infinity":12,"f:22:23:22:30":2,"s:23:4:23:Infinity":13,"b:25:4:29:Infinity:undefined:undefined:undefined:undefined":1,"s:25:4:29:Infinity":14,"s:26:6:26:Infinity":15,"s:27:6:27:Infinity":16,"s:28:6:28:Infinity":17,"b:31:4:36:Infinity:33:11:36:Infinity":2,"s:31:4:36:Infinity":18,"s:32:6:32:Infinity":19,"s:34:6:34:Infinity":20,"s:39:21:45:Infinity":21,"f:39:21:39:27":3,"s:40:4:40:Infinity":22,"s:41:4:41:Infinity":23,"s:42:4:42:Infinity":24,"s:43:4:43:Infinity":25,"s:44:4:44:Infinity":26,"s:47:2:189:Infinity":27,"b:55:30:55:52:55:52:55:Infinity":3,"b:58:30:58:63:58:63:58:Infinity":4,"b:67:33:67:54:67:54:67:Infinity":5,"f:72:24:72:25":4,"s:72:31:72:Infinity":28,"b:83:11:83:Infinity:84:12:100:Infinity":6,"f:92:26:92:27":5,"s:92:33:92:Infinity":29,"b:93:26:93:44:93:44:93:Infinity":7,"f:112:24:112:25":6,"s:112:31:112:Infinity":30,"b:123:11:123:Infinity:124:12:126:Infinity":8,"b:130:11:130:30:130:30:130:Infinity:131:12:142:Infinity":9,"f:136:26:136:27":7,"s:136:33:136:Infinity":31,"f:151:24:151:25":8,"s:152:16:152:Infinity":32,"b:153:16:153:Infinity:undefined:undefined:undefined:undefined":10,"s:153:16:153:Infinity":33,"s:153:38:153:Infinity":34,"b:171:17:171:Infinity:172:17:172:Infinity":11,"b:171:34:171:53:171:53:171:Infinity":12,"b:172:34:172:50:172:50:172:Infinity":13,"b:183:18:183:Infinity:184:18:184:Infinity":14}}}
,"/home/edison-reinoso/Escritorio/sofka/sofka-front/FoodTech-Front/src/views/WaiterView.tsx": {"path":"/home/edison-reinoso/Escritorio/sofka/sofka-front/FoodTech-Front/src/views/WaiterView.tsx","statementMap":{"0":{"start":{"line":18,"column":26},"end":{"line":165,"column":null}},"1":{"start":{"line":27,"column":2},"end":{"line":27,"column":null}},"2":{"start":{"line":38,"column":2},"end":{"line":38,"column":null}},"3":{"start":{"line":41,"column":41},"end":{"line":41,"column":null}},"4":{"start":{"line":44,"column":46},"end":{"line":46,"column":null}},"5":{"start":{"line":51,"column":2},"end":{"line":53,"column":null}},"6":{"start":{"line":52,"column":4},"end":{"line":52,"column":null}},"7":{"start":{"line":58,"column":28},"end":{"line":79,"column":null}},"8":{"start":{"line":59,"column":4},"end":{"line":62,"column":null}},"9":{"start":{"line":60,"column":6},"end":{"line":60,"column":null}},"10":{"start":{"line":61,"column":6},"end":{"line":61,"column":null}},"11":{"start":{"line":64,"column":21},"end":{"line":64,"column":null}},"12":{"start":{"line":66,"column":4},"end":{"line":78,"column":null}},"13":{"start":{"line":68,"column":6},"end":{"line":68,"column":null}},"14":{"start":{"line":71,"column":6},"end":{"line":71,"column":null}},"15":{"start":{"line":73,"column":6},"end":{"line":75,"column":null}},"16":{"start":{"line":76,"column":4},"end":{"line":78,"column":null}},"17":{"start":{"line":77,"column":6},"end":{"line":77,"column":null}},"18":{"start":{"line":81,"column":28},"end":{"line":81,"column":null}},"19":{"start":{"line":81,"column":53},"end":{"line":81,"column":59}},"20":{"start":{"line":82,"column":8},"end":{"line":82,"column":null}},"21":{"start":{"line":84,"column":2},"end":{"line":163,"column":null}}},"fnMap":{"0":{"name":"(anonymous_0)","decl":{"start":{"line":18,"column":26},"end":{"line":18,"column":32}},"loc":{"start":{"line":18,"column":32},"end":{"line":165,"column":null}},"line":18},"1":{"name":"(anonymous_1)","decl":{"start":{"line":51,"column":12},"end":{"line":51,"column":18}},"loc":{"start":{"line":51,"column":18},"end":{"line":53,"column":5}},"line":51},"2":{"name":"(anonymous_2)","decl":{"start":{"line":58,"column":28},"end":{"line":58,"column":40}},"loc":{"start":{"line":58,"column":40},"end":{"line":79,"column":null}},"line":58},"3":{"name":"(anonymous_3)","decl":{"start":{"line":81,"column":46},"end":{"line":81,"column":47}},"loc":{"start":{"line":81,"column":53},"end":{"line":81,"column":59}},"line":81}},"branchMap":{"0":{"loc":{"start":{"line":59,"column":4},"end":{"line":62,"column":null}},"type":"if","locations":[{"start":{"line":59,"column":4},"end":{"line":62,"column":null}},{"start":{},"end":{}}],"line":59},"1":{"loc":{"start":{"line":66,"column":4},"end":{"line":78,"column":null}},"type":"if","locations":[{"start":{"line":66,"column":4},"end":{"line":78,"column":null}},{"start":{"line":76,"column":4},"end":{"line":78,"column":null}}],"line":66},"2":{"loc":{"start":{"line":76,"column":4},"end":{"line":78,"column":null}},"type":"if","locations":[{"start":{"line":76,"column":4},"end":{"line":78,"column":null}},{"start":{},"end":{}}],"line":76},"3":{"loc":{"start":{"line":100,"column":17},"end":{"line":102,"column":null}},"type":"cond-expr","locations":[{"start":{"line":101,"column":20},"end":{"line":101,"column":null}},{"start":{"line":102,"column":20},"end":{"line":102,"column":null}}],"line":100},"4":{"loc":{"start":{"line":105,"column":17},"end":{"line":107,"column":null}},"type":"cond-expr","locations":[{"start":{"line":106,"column":20},"end":{"line":106,"column":null}},{"start":{"line":107,"column":20},"end":{"line":107,"column":null}}],"line":105}},"s":{"0":1,"1":2,"2":2,"3":2,"4":2,"5":2,"6":1,"7":2,"8":0,"9":0,"10":0,"11":0,"12":0,"13":0,"14":0,"15":0,"16":0,"17":0,"18":2,"19":0,"20":2,"21":2},"f":{"0":2,"1":1,"2":0,"3":0},"b":{"0":[0,0],"1":[0,0],"2":[0,0],"3":[0,2],"4":[0,2]},"meta":{"lastBranch":5,"lastFunction":4,"lastStatement":22,"seen":{"s:18:26:165:Infinity":0,"f:18:26:18:32":0,"s:27:2:27:Infinity":1,"s:38:2:38:Infinity":2,"s:41:41:41:Infinity":3,"s:44:46:46:Infinity":4,"s:51:2:53:Infinity":5,"f:51:12:51:18":1,"s:52:4:52:Infinity":6,"s:58:28:79:Infinity":7,"f:58:28:58:40":2,"b:59:4:62:Infinity:undefined:undefined:undefined:undefined":0,"s:59:4:62:Infinity":8,"s:60:6:60:Infinity":9,"s:61:6:61:Infinity":10,"s:64:21:64:Infinity":11,"b:66:4:78:Infinity:76:4:78:Infinity":1,"s:66:4:78:Infinity":12,"s:68:6:68:Infinity":13,"s:71:6:71:Infinity":14,"s:73:6:75:Infinity":15,"b:76:4:78:Infinity:undefined:undefined:undefined:undefined":2,"s:76:4:78:Infinity":16,"s:77:6:77:Infinity":17,"s:81:28:81:Infinity":18,"f:81:46:81:47":3,"s:81:53:81:59":19,"s:82:8:82:Infinity":20,"s:84:2:163:Infinity":21,"b:101:20:101:Infinity:102:20:102:Infinity":3,"b:106:20:106:Infinity:107:20:107:Infinity":4}}}
}
