{"/home/edison-reinoso/Escritorio/sofka/sofka-front/FoodTech-Front/src/helpers/orderCalculator.ts": {"path":"/home/edison-reinoso/Escritorio/sofka/sofka-front/FoodTech-Front/src/helpers/orderCalculator.ts","statementMap":{"0":{"start":{"line":4,"column":2},"end":{"line":4,"column":null}},"1":{"start":{"line":4,"column":43},"end":{"line":4,"column":67}},"2":{"start":{"line":8,"column":2},"end":{"line":8,"column":null}},"3":{"start":{"line":8,"column":43},"end":{"line":8,"column":85}}},"fnMap":{"0":{"name":"calculateTotalItems","decl":{"start":{"line":3,"column":16},"end":{"line":3,"column":36}},"loc":{"start":{"line":3,"column":70},"end":{"line":5,"column":null}},"line":3},"1":{"name":"(anonymous_1)","decl":{"start":{"line":4,"column":25},"end":{"line":4,"column":26}},"loc":{"start":{"line":4,"column":43},"end":{"line":4,"column":67}},"line":4},"2":{"name":"calculateTotalPrice","decl":{"start":{"line":7,"column":16},"end":{"line":7,"column":36}},"loc":{"start":{"line":7,"column":70},"end":{"line":9,"column":null}},"line":7},"3":{"name":"(anonymous_3)","decl":{"start":{"line":8,"column":25},"end":{"line":8,"column":26}},"loc":{"start":{"line":8,"column":43},"end":{"line":8,"column":85}},"line":8}},"branchMap":{},"s":{"0":3,"1":3,"2":3,"3":3},"f":{"0":3,"1":3,"2":3,"3":3},"b":{},"meta":{"lastBranch":0,"lastFunction":4,"lastStatement":4,"seen":{"f:3:16:3:36":0,"s:4:2:4:Infinity":0,"f:4:25:4:26":1,"s:4:43:4:67":1,"f:7:16:7:36":2,"s:8:2:8:Infinity":2,"f:8:25:8:26":3,"s:8:43:8:85":3}}}
,"/home/edison-reinoso/Escritorio/sofka/sofka-front/FoodTech-Front/src/hooks/useAuth.ts": {"path":"/home/edison-reinoso/Escritorio/sofka/sofka-front/FoodTech-Front/src/hooks/useAuth.ts","statementMap":{"0":{"start":{"line":15,"column":23},"end":{"line":84,"column":null}},"1":{"start":{"line":16,"column":44},"end":{"line":18,"column":null}},"2":{"start":{"line":17,"column":4},"end":{"line":17,"column":null}},"3":{"start":{"line":19,"column":24},"end":{"line":21,"column":null}},"4":{"start":{"line":20,"column":4},"end":{"line":20,"column":null}},"5":{"start":{"line":22,"column":32},"end":{"line":22,"column":null}},"6":{"start":{"line":23,"column":24},"end":{"line":23,"column":null}},"7":{"start":{"line":24,"column":8},"end":{"line":24,"column":null}},"8":{"start":{"line":25,"column":2},"end":{"line":29,"column":null}},"9":{"start":{"line":26,"column":24},"end":{"line":26,"column":null}},"10":{"start":{"line":27,"column":4},"end":{"line":27,"column":null}},"11":{"start":{"line":28,"column":4},"end":{"line":28,"column":null}},"12":{"start":{"line":31,"column":16},"end":{"line":49,"column":null}},"13":{"start":{"line":32,"column":4},"end":{"line":32,"column":null}},"14":{"start":{"line":33,"column":4},"end":{"line":33,"column":null}},"15":{"start":{"line":34,"column":4},"end":{"line":34,"column":null}},"16":{"start":{"line":36,"column":4},"end":{"line":48,"column":null}},"17":{"start":{"line":37,"column":6},"end":{"line":37,"column":null}},"18":{"start":{"line":38,"column":23},"end":{"line":38,"column":null}},"19":{"start":{"line":39,"column":6},"end":{"line":39,"column":null}},"20":{"start":{"line":40,"column":6},"end":{"line":40,"column":null}},"21":{"start":{"line":42,"column":22},"end":{"line":42,"column":null}},"22":{"start":{"line":43,"column":6},"end":{"line":43,"column":null}},"23":{"start":{"line":44,"column":6},"end":{"line":44,"column":null}},"24":{"start":{"line":45,"column":6},"end":{"line":45,"column":null}},"25":{"start":{"line":47,"column":6},"end":{"line":47,"column":null}},"26":{"start":{"line":51,"column":17},"end":{"line":56,"column":null}},"27":{"start":{"line":52,"column":4},"end":{"line":52,"column":null}},"28":{"start":{"line":53,"column":4},"end":{"line":53,"column":null}},"29":{"start":{"line":54,"column":4},"end":{"line":54,"column":null}},"30":{"start":{"line":55,"column":4},"end":{"line":55,"column":null}},"31":{"start":{"line":58,"column":19},"end":{"line":73,"column":null}},"32":{"start":{"line":59,"column":4},"end":{"line":59,"column":null}},"33":{"start":{"line":60,"column":4},"end":{"line":60,"column":null}},"34":{"start":{"line":61,"column":4},"end":{"line":72,"column":null}},"35":{"start":{"line":62,"column":6},"end":{"line":62,"column":null}},"36":{"start":{"line":63,"column":6},"end":{"line":63,"column":null}},"37":{"start":{"line":64,"column":6},"end":{"line":64,"column":null}},"38":{"start":{"line":66,"column":22},"end":{"line":66,"column":null}},"39":{"start":{"line":67,"column":6},"end":{"line":67,"column":null}},"40":{"start":{"line":68,"column":6},"end":{"line":68,"column":null}},"41":{"start":{"line":69,"column":6},"end":{"line":69,"column":null}},"42":{"start":{"line":71,"column":6},"end":{"line":71,"column":null}},"43":{"start":{"line":75,"column":2},"end":{"line":83,"column":null}}},"fnMap":{"0":{"name":"(anonymous_0)","decl":{"start":{"line":15,"column":23},"end":{"line":15,"column":44}},"loc":{"start":{"line":15,"column":44},"end":{"line":84,"column":null}},"line":15},"1":{"name":"(anonymous_1)","decl":{"start":{"line":16,"column":66},"end":{"line":16,"column":null}},"loc":{"start":{"line":17,"column":4},"end":{"line":17,"column":null}},"line":17},"2":{"name":"(anonymous_2)","decl":{"start":{"line":19,"column":52},"end":{"line":19,"column":null}},"loc":{"start":{"line":20,"column":4},"end":{"line":20,"column":null}},"line":20},"3":{"name":"(anonymous_3)","decl":{"start":{"line":25,"column":12},"end":{"line":25,"column":18}},"loc":{"start":{"line":25,"column":18},"end":{"line":29,"column":5}},"line":25},"4":{"name":"(anonymous_4)","decl":{"start":{"line":31,"column":16},"end":{"line":31,"column":23}},"loc":{"start":{"line":31,"column":103},"end":{"line":49,"column":null}},"line":31},"5":{"name":"(anonymous_5)","decl":{"start":{"line":51,"column":17},"end":{"line":51,"column":29}},"loc":{"start":{"line":51,"column":29},"end":{"line":56,"column":null}},"line":51},"6":{"name":"(anonymous_6)","decl":{"start":{"line":58,"column":19},"end":{"line":58,"column":26}},"loc":{"start":{"line":58,"column":95},"end":{"line":73,"column":null}},"line":58}},"branchMap":{"0":{"loc":{"start":{"line":31,"column":56},"end":{"line":31,"column":103}},"type":"default-arg","locations":[{"start":{"line":31,"column":78},"end":{"line":31,"column":103}}],"line":31},"1":{"loc":{"start":{"line":42,"column":22},"end":{"line":42,"column":null}},"type":"cond-expr","locations":[{"start":{"line":42,"column":45},"end":{"line":42,"column":59}},{"start":{"line":42,"column":59},"end":{"line":42,"column":null}}],"line":42},"2":{"loc":{"start":{"line":66,"column":22},"end":{"line":66,"column":null}},"type":"cond-expr","locations":[{"start":{"line":66,"column":45},"end":{"line":66,"column":59}},{"start":{"line":66,"column":59},"end":{"line":66,"column":null}}],"line":66}},"s":{"0":10,"1":32,"2":18,"3":32,"4":18,"5":32,"6":32,"7":32,"8":32,"9":18,"10":18,"11":18,"12":32,"13":6,"14":6,"15":6,"16":6,"17":6,"18":4,"19":4,"20":4,"21":2,"22":2,"23":2,"24":2,"25":6,"26":32,"27":2,"28":2,"29":2,"30":2,"31":32,"32":6,"33":6,"34":6,"35":6,"36":6,"37":4,"38":2,"39":2,"40":2,"41":2,"42":6,"43":32},"f":{"0":32,"1":18,"2":18,"3":18,"4":6,"5":2,"6":6},"b":{"0":[6],"1":[2,0],"2":[2,0]},"meta":{"lastBranch":3,"lastFunction":7,"lastStatement":44,"seen":{"s:15:23:84:Infinity":0,"f:15:23:15:44":0,"s:16:44:18:Infinity":1,"f:16:66:16:Infinity":1,"s:17:4:17:Infinity":2,"s:19:24:21:Infinity":3,"f:19:52:19:Infinity":2,"s:20:4:20:Infinity":4,"s:22:32:22:Infinity":5,"s:23:24:23:Infinity":6,"s:24:8:24:Infinity":7,"s:25:2:29:Infinity":8,"f:25:12:25:18":3,"s:26:24:26:Infinity":9,"s:27:4:27:Infinity":10,"s:28:4:28:Infinity":11,"s:31:16:49:Infinity":12,"f:31:16:31:23":4,"b:31:78:31:103":0,"s:32:4:32:Infinity":13,"s:33:4:33:Infinity":14,"s:34:4:34:Infinity":15,"s:36:4:48:Infinity":16,"s:37:6:37:Infinity":17,"s:38:23:38:Infinity":18,"s:39:6:39:Infinity":19,"s:40:6:40:Infinity":20,"s:42:22:42:Infinity":21,"b:42:45:42:59:42:59:42:Infinity":1,"s:43:6:43:Infinity":22,"s:44:6:44:Infinity":23,"s:45:6:45:Infinity":24,"s:47:6:47:Infinity":25,"s:51:17:56:Infinity":26,"f:51:17:51:29":5,"s:52:4:52:Infinity":27,"s:53:4:53:Infinity":28,"s:54:4:54:Infinity":29,"s:55:4:55:Infinity":30,"s:58:19:73:Infinity":31,"f:58:19:58:26":6,"s:59:4:59:Infinity":32,"s:60:4:60:Infinity":33,"s:61:4:72:Infinity":34,"s:62:6:62:Infinity":35,"s:63:6:63:Infinity":36,"s:64:6:64:Infinity":37,"s:66:22:66:Infinity":38,"b:66:45:66:59:66:59:66:Infinity":2,"s:67:6:67:Infinity":39,"s:68:6:68:Infinity":40,"s:69:6:69:Infinity":41,"s:71:6:71:Infinity":42,"s:75:2:83:Infinity":43}}}
,"/home/edison-reinoso/Escritorio/sofka/sofka-front/FoodTech-Front/src/hooks/useOrder.ts": {"path":"/home/edison-reinoso/Escritorio/sofka/sofka-front/FoodTech-Front/src/hooks/useOrder.ts","statementMap":{"0":{"start":{"line":9,"column":24},"end":{"line":130,"column":null}},"1":{"start":{"line":10,"column":40},"end":{"line":10,"column":null}},"2":{"start":{"line":11,"column":38},"end":{"line":11,"column":null}},"3":{"start":{"line":12,"column":24},"end":{"line":12,"column":null}},"4":{"start":{"line":17,"column":8},"end":{"line":44,"column":null}},"5":{"start":{"line":18,"column":4},"end":{"line":43,"column":null}},"6":{"start":{"line":19,"column":28},"end":{"line":21,"column":null}},"7":{"start":{"line":20,"column":15},"end":{"line":20,"column":null}},"8":{"start":{"line":23,"column":6},"end":{"line":31,"column":null}},"9":{"start":{"line":25,"column":24},"end":{"line":25,"column":null}},"10":{"start":{"line":26,"column":8},"end":{"line":29,"column":null}},"11":{"start":{"line":30,"column":8},"end":{"line":30,"column":null}},"12":{"start":{"line":34,"column":6},"end":{"line":42,"column":null}},"13":{"start":{"line":49,"column":8},"end":{"line":68,"column":null}},"14":{"start":{"line":50,"column":4},"end":{"line":67,"column":null}},"15":{"start":{"line":51,"column":28},"end":{"line":51,"column":null}},"16":{"start":{"line":51,"column":50},"end":{"line":51,"column":72}},"17":{"start":{"line":53,"column":6},"end":{"line":53,"column":null}},"18":{"start":{"line":53,"column":29},"end":{"line":53,"column":null}},"19":{"start":{"line":55,"column":22},"end":{"line":55,"column":null}},"20":{"start":{"line":56,"column":6},"end":{"line":63,"column":null}},"21":{"start":{"line":58,"column":8},"end":{"line":61,"column":null}},"22":{"start":{"line":62,"column":8},"end":{"line":62,"column":null}},"23":{"start":{"line":66,"column":6},"end":{"line":66,"column":null}},"24":{"start":{"line":66,"column":32},"end":{"line":66,"column":54}},"25":{"start":{"line":73,"column":8},"end":{"line":76,"column":null}},"26":{"start":{"line":74,"column":4},"end":{"line":74,"column":null}},"27":{"start":{"line":75,"column":4},"end":{"line":75,"column":null}},"28":{"start":{"line":81,"column":8},"end":{"line":113,"column":null}},"29":{"start":{"line":83,"column":6},"end":{"line":86,"column":null}},"30":{"start":{"line":84,"column":8},"end":{"line":84,"column":null}},"31":{"start":{"line":85,"column":8},"end":{"line":85,"column":null}},"32":{"start":{"line":88,"column":6},"end":{"line":88,"column":null}},"33":{"start":{"line":89,"column":6},"end":{"line":89,"column":null}},"34":{"start":{"line":91,"column":6},"end":{"line":110,"column":null}},"35":{"start":{"line":93,"column":44},"end":{"line":98,"column":null}},"36":{"start":{"line":96,"column":12},"end":{"line":96,"column":null}},"37":{"start":{"line":100,"column":25},"end":{"line":100,"column":null}},"38":{"start":{"line":101,"column":8},"end":{"line":101,"column":null}},"39":{"start":{"line":102,"column":8},"end":{"line":102,"column":null}},"40":{"start":{"line":105,"column":10},"end":{"line":105,"column":null}},"41":{"start":{"line":106,"column":8},"end":{"line":106,"column":null}},"42":{"start":{"line":107,"column":8},"end":{"line":107,"column":null}},"43":{"start":{"line":109,"column":8},"end":{"line":109,"column":null}},"44":{"start":{"line":115,"column":21},"end":{"line":118,"column":null}},"45":{"start":{"line":116,"column":22},"end":{"line":116,"column":null}},"46":{"start":{"line":120,"column":2},"end":{"line":129,"column":null}}},"fnMap":{"0":{"name":"(anonymous_0)","decl":{"start":{"line":9,"column":24},"end":{"line":9,"column":30}},"loc":{"start":{"line":9,"column":30},"end":{"line":130,"column":null}},"line":9},"1":{"name":"(anonymous_1)","decl":{"start":{"line":17,"column":33},"end":{"line":17,"column":34}},"loc":{"start":{"line":17,"column":55},"end":{"line":44,"column":5}},"line":17},"2":{"name":"(anonymous_2)","decl":{"start":{"line":18,"column":21},"end":{"line":18,"column":22}},"loc":{"start":{"line":18,"column":31},"end":{"line":43,"column":5}},"line":18},"3":{"name":"(anonymous_3)","decl":{"start":{"line":20,"column":8},"end":{"line":20,"column":9}},"loc":{"start":{"line":20,"column":15},"end":{"line":20,"column":null}},"line":20},"4":{"name":"(anonymous_4)","decl":{"start":{"line":49,"column":36},"end":{"line":49,"column":37}},"loc":{"start":{"line":49,"column":61},"end":{"line":68,"column":5}},"line":49},"5":{"name":"(anonymous_5)","decl":{"start":{"line":50,"column":21},"end":{"line":50,"column":22}},"loc":{"start":{"line":50,"column":31},"end":{"line":67,"column":5}},"line":50},"6":{"name":"(anonymous_6)","decl":{"start":{"line":51,"column":43},"end":{"line":51,"column":44}},"loc":{"start":{"line":51,"column":50},"end":{"line":51,"column":72}},"line":51},"7":{"name":"(anonymous_7)","decl":{"start":{"line":66,"column":25},"end":{"line":66,"column":26}},"loc":{"start":{"line":66,"column":32},"end":{"line":66,"column":54}},"line":66},"8":{"name":"(anonymous_8)","decl":{"start":{"line":73,"column":33},"end":{"line":73,"column":39}},"loc":{"start":{"line":73,"column":39},"end":{"line":76,"column":5}},"line":73},"9":{"name":"(anonymous_9)","decl":{"start":{"line":82,"column":4},"end":{"line":82,"column":11}},"loc":{"start":{"line":82,"column":72},"end":{"line":111,"column":null}},"line":82},"10":{"name":"(anonymous_10)","decl":{"start":{"line":95,"column":42},"end":{"line":95,"column":43}},"loc":{"start":{"line":96,"column":12},"end":{"line":96,"column":null}},"line":96},"11":{"name":"(anonymous_11)","decl":{"start":{"line":116,"column":4},"end":{"line":116,"column":5}},"loc":{"start":{"line":116,"column":22},"end":{"line":116,"column":null}},"line":116}},"branchMap":{"0":{"loc":{"start":{"line":20,"column":15},"end":{"line":20,"column":null}},"type":"binary-expr","locations":[{"start":{"line":20,"column":15},"end":{"line":20,"column":42}},{"start":{"line":20,"column":42},"end":{"line":20,"column":null}}],"line":20},"1":{"loc":{"start":{"line":23,"column":6},"end":{"line":31,"column":null}},"type":"if","locations":[{"start":{"line":23,"column":6},"end":{"line":31,"column":null}},{"start":{},"end":{}}],"line":23},"2":{"loc":{"start":{"line":40,"column":17},"end":{"line":40,"column":null}},"type":"binary-expr","locations":[{"start":{"line":40,"column":17},"end":{"line":40,"column":34}},{"start":{"line":40,"column":34},"end":{"line":40,"column":null}}],"line":40},"3":{"loc":{"start":{"line":53,"column":6},"end":{"line":53,"column":null}},"type":"if","locations":[{"start":{"line":53,"column":6},"end":{"line":53,"column":null}},{"start":{},"end":{}}],"line":53},"4":{"loc":{"start":{"line":56,"column":6},"end":{"line":63,"column":null}},"type":"if","locations":[{"start":{"line":56,"column":6},"end":{"line":63,"column":null}},{"start":{},"end":{}}],"line":56},"5":{"loc":{"start":{"line":83,"column":6},"end":{"line":86,"column":null}},"type":"if","locations":[{"start":{"line":83,"column":6},"end":{"line":86,"column":null}},{"start":{},"end":{}}],"line":83},"6":{"loc":{"start":{"line":105,"column":10},"end":{"line":105,"column":null}},"type":"cond-expr","locations":[{"start":{"line":105,"column":33},"end":{"line":105,"column":47}},{"start":{"line":105,"column":47},"end":{"line":105,"column":null}}],"line":105}},"s":{"0":1,"1":24,"2":24,"3":24,"4":24,"5":14,"6":14,"7":5,"8":14,"9":3,"10":3,"11":3,"12":11,"13":24,"14":3,"15":3,"16":2,"17":3,"18":1,"19":2,"20":2,"21":1,"22":1,"23":1,"24":1,"25":24,"26":2,"27":2,"28":24,"29":3,"30":1,"31":1,"32":2,"33":2,"34":2,"35":2,"36":2,"37":2,"38":1,"39":1,"40":1,"41":1,"42":1,"43":2,"44":24,"45":10,"46":24},"f":{"0":24,"1":14,"2":14,"3":5,"4":3,"5":3,"6":2,"7":1,"8":2,"9":3,"10":2,"11":10},"b":{"0":[5,3],"1":[3,11],"2":[11,0],"3":[1,2],"4":[1,1],"5":[1,2],"6":[1,0]},"meta":{"lastBranch":7,"lastFunction":12,"lastStatement":47,"seen":{"s:9:24:130:Infinity":0,"f:9:24:9:30":0,"s:10:40:10:Infinity":1,"s:11:38:11:Infinity":2,"s:12:24:12:Infinity":3,"s:17:8:44:Infinity":4,"f:17:33:17:34":1,"s:18:4:43:Infinity":5,"f:18:21:18:22":2,"s:19:28:21:Infinity":6,"f:20:8:20:9":3,"s:20:15:20:Infinity":7,"b:20:15:20:42:20:42:20:Infinity":0,"b:23:6:31:Infinity:undefined:undefined:undefined:undefined":1,"s:23:6:31:Infinity":8,"s:25:24:25:Infinity":9,"s:26:8:29:Infinity":10,"s:30:8:30:Infinity":11,"s:34:6:42:Infinity":12,"b:40:17:40:34:40:34:40:Infinity":2,"s:49:8:68:Infinity":13,"f:49:36:49:37":4,"s:50:4:67:Infinity":14,"f:50:21:50:22":5,"s:51:28:51:Infinity":15,"f:51:43:51:44":6,"s:51:50:51:72":16,"b:53:6:53:Infinity:undefined:undefined:undefined:undefined":3,"s:53:6:53:Infinity":17,"s:53:29:53:Infinity":18,"s:55:22:55:Infinity":19,"b:56:6:63:Infinity:undefined:undefined:undefined:undefined":4,"s:56:6:63:Infinity":20,"s:58:8:61:Infinity":21,"s:62:8:62:Infinity":22,"s:66:6:66:Infinity":23,"f:66:25:66:26":7,"s:66:32:66:54":24,"s:73:8:76:Infinity":25,"f:73:33:73:39":8,"s:74:4:74:Infinity":26,"s:75:4:75:Infinity":27,"s:81:8:113:Infinity":28,"f:82:4:82:11":9,"b:83:6:86:Infinity:undefined:undefined:undefined:undefined":5,"s:83:6:86:Infinity":29,"s:84:8:84:Infinity":30,"s:85:8:85:Infinity":31,"s:88:6:88:Infinity":32,"s:89:6:89:Infinity":33,"s:91:6:110:Infinity":34,"s:93:44:98:Infinity":35,"f:95:42:95:43":10,"s:96:12:96:Infinity":36,"s:100:25:100:Infinity":37,"s:101:8:101:Infinity":38,"s:102:8:102:Infinity":39,"s:105:10:105:Infinity":40,"b:105:33:105:47:105:47:105:Infinity":6,"s:106:8:106:Infinity":41,"s:107:8:107:Infinity":42,"s:109:8:109:Infinity":43,"s:115:21:118:Infinity":44,"f:116:4:116:5":11,"s:116:22:116:Infinity":45,"s:120:2:129:Infinity":46}}}
,"/home/edison-reinoso/Escritorio/sofka/sofka-front/FoodTech-Front/src/models/Product.ts": {"path":"/home/edison-reinoso/Escritorio/sofka/sofka-front/FoodTech-Front/src/models/Product.ts","statementMap":{"0":{"start":{"line":4,"column":27},"end":{"line":8,"column":null}}},"fnMap":{},"branchMap":{},"s":{"0":1},"f":{},"b":{},"meta":{"lastBranch":0,"lastFunction":0,"lastStatement":1,"seen":{"s:4:27:8:Infinity":0}}}
,"/home/edison-reinoso/Escritorio/sofka/sofka-front/FoodTech-Front/src/services/authService.ts": {"path":"/home/edison-reinoso/Escritorio/sofka/sofka-front/FoodTech-Front/src/services/authService.ts","statementMap":{"0":{"start":{"line":1,"column":21},"end":{"line":1,"column":null}},"1":{"start":{"line":2,"column":25},"end":{"line":2,"column":null}},"2":{"start":{"line":3,"column":27},"end":{"line":84,"column":null}},"3":{"start":{"line":6,"column":4},"end":{"line":41,"column":null}},"4":{"start":{"line":7,"column":23},"end":{"line":13,"column":null}},"5":{"start":{"line":15,"column":6},"end":{"line":20,"column":null}},"6":{"start":{"line":16,"column":8},"end":{"line":18,"column":null}},"7":{"start":{"line":17,"column":10},"end":{"line":17,"column":null}},"8":{"start":{"line":19,"column":8},"end":{"line":19,"column":null}},"9":{"start":{"line":22,"column":19},"end":{"line":22,"column":null}},"10":{"start":{"line":24,"column":6},"end":{"line":31,"column":null}},"11":{"start":{"line":25,"column":27},"end":{"line":25,"column":null}},"12":{"start":{"line":26,"column":8},"end":{"line":26,"column":null}},"13":{"start":{"line":27,"column":8},"end":{"line":27,"column":null}},"14":{"start":{"line":29,"column":8},"end":{"line":29,"column":null}},"15":{"start":{"line":30,"column":8},"end":{"line":30,"column":null}},"16":{"start":{"line":32,"column":6},"end":{"line":32,"column":null}},"17":{"start":{"line":34,"column":6},"end":{"line":36,"column":null}},"18":{"start":{"line":35,"column":8},"end":{"line":35,"column":null}},"19":{"start":{"line":37,"column":6},"end":{"line":39,"column":null}},"20":{"start":{"line":38,"column":8},"end":{"line":38,"column":null}},"21":{"start":{"line":40,"column":6},"end":{"line":40,"column":null}},"22":{"start":{"line":45,"column":4},"end":{"line":45,"column":null}},"23":{"start":{"line":49,"column":19},"end":{"line":49,"column":null}},"24":{"start":{"line":50,"column":4},"end":{"line":54,"column":null}},"25":{"start":{"line":51,"column":6},"end":{"line":51,"column":null}},"26":{"start":{"line":52,"column":6},"end":{"line":52,"column":null}},"27":{"start":{"line":53,"column":6},"end":{"line":53,"column":null}},"28":{"start":{"line":55,"column":4},"end":{"line":55,"column":null}},"29":{"start":{"line":59,"column":4},"end":{"line":59,"column":null}},"30":{"start":{"line":63,"column":4},"end":{"line":81,"column":null}},"31":{"start":{"line":64,"column":6},"end":{"line":70,"column":null}},"32":{"start":{"line":72,"column":6},"end":{"line":72,"column":null}},"33":{"start":{"line":74,"column":6},"end":{"line":76,"column":null}},"34":{"start":{"line":75,"column":8},"end":{"line":75,"column":null}},"35":{"start":{"line":77,"column":6},"end":{"line":79,"column":null}},"36":{"start":{"line":78,"column":8},"end":{"line":78,"column":null}},"37":{"start":{"line":80,"column":6},"end":{"line":80,"column":null}}},"fnMap":{"0":{"name":"(anonymous_0)","decl":{"start":{"line":4,"column":8},"end":{"line":4,"column":14}},"loc":{"start":{"line":4,"column":94},"end":{"line":42,"column":null}},"line":4},"1":{"name":"(anonymous_1)","decl":{"start":{"line":44,"column":2},"end":{"line":44,"column":17}},"loc":{"start":{"line":44,"column":17},"end":{"line":46,"column":null}},"line":44},"2":{"name":"(anonymous_2)","decl":{"start":{"line":48,"column":2},"end":{"line":48,"column":28}},"loc":{"start":{"line":48,"column":28},"end":{"line":56,"column":null}},"line":48},"3":{"name":"(anonymous_3)","decl":{"start":{"line":58,"column":2},"end":{"line":58,"column":29}},"loc":{"start":{"line":58,"column":29},"end":{"line":60,"column":null}},"line":58},"4":{"name":"(anonymous_4)","decl":{"start":{"line":62,"column":8},"end":{"line":62,"column":17}},"loc":{"start":{"line":62,"column":86},"end":{"line":82,"column":null}},"line":62}},"branchMap":{"0":{"loc":{"start":{"line":1,"column":21},"end":{"line":1,"column":null}},"type":"binary-expr","locations":[{"start":{"line":1,"column":21},"end":{"line":1,"column":58}},{"start":{"line":1,"column":58},"end":{"line":1,"column":null}}],"line":1},"1":{"loc":{"start":{"line":4,"column":47},"end":{"line":4,"column":94}},"type":"default-arg","locations":[{"start":{"line":4,"column":69},"end":{"line":4,"column":94}}],"line":4},"2":{"loc":{"start":{"line":15,"column":6},"end":{"line":20,"column":null}},"type":"if","locations":[{"start":{"line":15,"column":6},"end":{"line":20,"column":null}},{"start":{},"end":{}}],"line":15},"3":{"loc":{"start":{"line":16,"column":8},"end":{"line":18,"column":null}},"type":"if","locations":[{"start":{"line":16,"column":8},"end":{"line":18,"column":null}},{"start":{},"end":{}}],"line":16},"4":{"loc":{"start":{"line":24,"column":6},"end":{"line":31,"column":null}},"type":"if","locations":[{"start":{"line":24,"column":6},"end":{"line":31,"column":null}},{"start":{"line":28,"column":13},"end":{"line":31,"column":null}}],"line":24},"5":{"loc":{"start":{"line":34,"column":6},"end":{"line":36,"column":null}},"type":"if","locations":[{"start":{"line":34,"column":6},"end":{"line":36,"column":null}},{"start":{},"end":{}}],"line":34},"6":{"loc":{"start":{"line":34,"column":10},"end":{"line":34,"column":109}},"type":"binary-expr","locations":[{"start":{"line":34,"column":10},"end":{"line":34,"column":40}},{"start":{"line":34,"column":40},"end":{"line":34,"column":66}},{"start":{"line":34,"column":66},"end":{"line":34,"column":109}}],"line":34},"7":{"loc":{"start":{"line":37,"column":6},"end":{"line":39,"column":null}},"type":"if","locations":[{"start":{"line":37,"column":6},"end":{"line":39,"column":null}},{"start":{},"end":{}}],"line":37},"8":{"loc":{"start":{"line":50,"column":4},"end":{"line":54,"column":null}},"type":"if","locations":[{"start":{"line":50,"column":4},"end":{"line":54,"column":null}},{"start":{},"end":{}}],"line":50},"9":{"loc":{"start":{"line":50,"column":8},"end":{"line":50,"column":49}},"type":"binary-expr","locations":[{"start":{"line":50,"column":8},"end":{"line":50,"column":18}},{"start":{"line":50,"column":18},"end":{"line":50,"column":49}}],"line":50},"10":{"loc":{"start":{"line":74,"column":6},"end":{"line":76,"column":null}},"type":"if","locations":[{"start":{"line":74,"column":6},"end":{"line":76,"column":null}},{"start":{},"end":{}}],"line":74},"11":{"loc":{"start":{"line":74,"column":10},"end":{"line":74,"column":109}},"type":"binary-expr","locations":[{"start":{"line":74,"column":10},"end":{"line":74,"column":40}},{"start":{"line":74,"column":40},"end":{"line":74,"column":66}},{"start":{"line":74,"column":66},"end":{"line":74,"column":109}}],"line":74},"12":{"loc":{"start":{"line":77,"column":6},"end":{"line":79,"column":null}},"type":"if","locations":[{"start":{"line":77,"column":6},"end":{"line":79,"column":null}},{"start":{},"end":{}}],"line":77}},"s":{"0":44,"1":44,"2":44,"3":16,"4":16,"5":14,"6":4,"7":4,"8":0,"9":10,"10":10,"11":2,"12":2,"13":2,"14":8,"15":8,"16":10,"17":6,"18":2,"19":4,"20":4,"21":0,"22":4,"23":68,"24":68,"25":2,"26":2,"27":2,"28":66,"29":24,"30":14,"31":14,"32":10,"33":4,"34":4,"35":0,"36":0,"37":0},"f":{"0":16,"1":4,"2":68,"3":24,"4":14},"b":{"0":[44,0],"1":[16],"2":[4,10],"3":[4,0],"4":[2,8],"5":[2,4],"6":[6,4,4],"7":[4,0],"8":[2,66],"9":[68,2],"10":[4,0],"11":[4,0,0],"12":[0,0]},"meta":{"lastBranch":13,"lastFunction":5,"lastStatement":38,"seen":{"s:1:21:1:Infinity":0,"b:1:21:1:58:1:58:1:Infinity":0,"s:2:25:2:Infinity":1,"s:3:27:84:Infinity":2,"f:4:8:4:14":0,"b:4:69:4:94":1,"s:6:4:41:Infinity":3,"s:7:23:13:Infinity":4,"b:15:6:20:Infinity:undefined:undefined:undefined:undefined":2,"s:15:6:20:Infinity":5,"b:16:8:18:Infinity:undefined:undefined:undefined:undefined":3,"s:16:8:18:Infinity":6,"s:17:10:17:Infinity":7,"s:19:8:19:Infinity":8,"s:22:19:22:Infinity":9,"b:24:6:31:Infinity:28:13:31:Infinity":4,"s:24:6:31:Infinity":10,"s:25:27:25:Infinity":11,"s:26:8:26:Infinity":12,"s:27:8:27:Infinity":13,"s:29:8:29:Infinity":14,"s:30:8:30:Infinity":15,"s:32:6:32:Infinity":16,"b:34:6:36:Infinity:undefined:undefined:undefined:undefined":5,"s:34:6:36:Infinity":17,"b:34:10:34:40:34:40:34:66:34:66:34:109":6,"s:35:8:35:Infinity":18,"b:37:6:39:Infinity:undefined:undefined:undefined:undefined":7,"s:37:6:39:Infinity":19,"s:38:8:38:Infinity":20,"s:40:6:40:Infinity":21,"f:44:2:44:17":1,"s:45:4:45:Infinity":22,"f:48:2:48:28":2,"s:49:19:49:Infinity":23,"b:50:4:54:Infinity:undefined:undefined:undefined:undefined":8,"s:50:4:54:Infinity":24,"b:50:8:50:18:50:18:50:49":9,"s:51:6:51:Infinity":25,"s:52:6:52:Infinity":26,"s:53:6:53:Infinity":27,"s:55:4:55:Infinity":28,"f:58:2:58:29":3,"s:59:4:59:Infinity":29,"f:62:8:62:17":4,"s:63:4:81:Infinity":30,"s:64:6:70:Infinity":31,"s:72:6:72:Infinity":32,"b:74:6:76:Infinity:undefined:undefined:undefined:undefined":10,"s:74:6:76:Infinity":33,"b:74:10:74:40:74:40:74:66:74:66:74:109":11,"s:75:8:75:Infinity":34,"b:77:6:79:Infinity:undefined:undefined:undefined:undefined":12,"s:77:6:79:Infinity":35,"s:78:8:78:Infinity":36,"s:80:6:80:Infinity":37}}}
,"/home/edison-reinoso/Escritorio/sofka/sofka-front/FoodTech-Front/src/views/LoginView.tsx": {"path":"/home/edison-reinoso/Escritorio/sofka/sofka-front/FoodTech-Front/src/views/LoginView.tsx","statementMap":{"0":{"start":{"line":5,"column":25},"end":{"line":191,"column":null}},"1":{"start":{"line":6,"column":24},"end":{"line":6,"column":null}},"2":{"start":{"line":7,"column":30},"end":{"line":7,"column":null}},"3":{"start":{"line":8,"column":30},"end":{"line":8,"column":null}},"4":{"start":{"line":9,"column":34},"end":{"line":9,"column":null}},"5":{"start":{"line":10,"column":30},"end":{"line":10,"column":null}},"6":{"start":{"line":11,"column":42},"end":{"line":11,"column":null}},"7":{"start":{"line":13,"column":61},"end":{"line":13,"column":null}},"8":{"start":{"line":14,"column":8},"end":{"line":14,"column":null}},"9":{"start":{"line":16,"column":2},"end":{"line":20,"column":null}},"10":{"start":{"line":17,"column":4},"end":{"line":19,"column":null}},"11":{"start":{"line":18,"column":6},"end":{"line":18,"column":null}},"12":{"start":{"line":22,"column":23},"end":{"line":36,"column":null}},"13":{"start":{"line":23,"column":4},"end":{"line":23,"column":null}},"14":{"start":{"line":25,"column":4},"end":{"line":29,"column":null}},"15":{"start":{"line":26,"column":6},"end":{"line":26,"column":null}},"16":{"start":{"line":27,"column":6},"end":{"line":27,"column":null}},"17":{"start":{"line":28,"column":6},"end":{"line":28,"column":null}},"18":{"start":{"line":31,"column":4},"end":{"line":35,"column":null}},"19":{"start":{"line":32,"column":6},"end":{"line":32,"column":null}},"20":{"start":{"line":34,"column":6},"end":{"line":34,"column":null}},"21":{"start":{"line":38,"column":21},"end":{"line":44,"column":null}},"22":{"start":{"line":39,"column":4},"end":{"line":39,"column":null}},"23":{"start":{"line":40,"column":4},"end":{"line":40,"column":null}},"24":{"start":{"line":41,"column":4},"end":{"line":41,"column":null}},"25":{"start":{"line":42,"column":4},"end":{"line":42,"column":null}},"26":{"start":{"line":43,"column":4},"end":{"line":43,"column":null}},"27":{"start":{"line":46,"column":2},"end":{"line":189,"column":null}},"28":{"start":{"line":72,"column":31},"end":{"line":72,"column":null}},"29":{"start":{"line":92,"column":33},"end":{"line":92,"column":null}},"30":{"start":{"line":112,"column":31},"end":{"line":112,"column":null}},"31":{"start":{"line":136,"column":33},"end":{"line":136,"column":null}},"32":{"start":{"line":152,"column":16},"end":{"line":152,"column":null}},"33":{"start":{"line":153,"column":16},"end":{"line":153,"column":null}},"34":{"start":{"line":153,"column":38},"end":{"line":153,"column":null}}},"fnMap":{"0":{"name":"(anonymous_0)","decl":{"start":{"line":5,"column":25},"end":{"line":5,"column":31}},"loc":{"start":{"line":5,"column":31},"end":{"line":191,"column":null}},"line":5},"1":{"name":"(anonymous_1)","decl":{"start":{"line":16,"column":12},"end":{"line":16,"column":18}},"loc":{"start":{"line":16,"column":18},"end":{"line":20,"column":5}},"line":16},"2":{"name":"(anonymous_2)","decl":{"start":{"line":22,"column":23},"end":{"line":22,"column":30}},"loc":{"start":{"line":22,"column":53},"end":{"line":36,"column":null}},"line":22},"3":{"name":"(anonymous_3)","decl":{"start":{"line":38,"column":21},"end":{"line":38,"column":27}},"loc":{"start":{"line":38,"column":27},"end":{"line":44,"column":null}},"line":38},"4":{"name":"(anonymous_4)","decl":{"start":{"line":72,"column":24},"end":{"line":72,"column":25}},"loc":{"start":{"line":72,"column":31},"end":{"line":72,"column":null}},"line":72},"5":{"name":"(anonymous_5)","decl":{"start":{"line":92,"column":26},"end":{"line":92,"column":27}},"loc":{"start":{"line":92,"column":33},"end":{"line":92,"column":null}},"line":92},"6":{"name":"(anonymous_6)","decl":{"start":{"line":112,"column":24},"end":{"line":112,"column":25}},"loc":{"start":{"line":112,"column":31},"end":{"line":112,"column":null}},"line":112},"7":{"name":"(anonymous_7)","decl":{"start":{"line":136,"column":26},"end":{"line":136,"column":27}},"loc":{"start":{"line":136,"column":33},"end":{"line":136,"column":null}},"line":136},"8":{"name":"(anonymous_8)","decl":{"start":{"line":151,"column":24},"end":{"line":151,"column":25}},"loc":{"start":{"line":151,"column":31},"end":{"line":154,"column":null}},"line":151}},"branchMap":{"0":{"loc":{"start":{"line":17,"column":4},"end":{"line":19,"column":null}},"type":"if","locations":[{"start":{"line":17,"column":4},"end":{"line":19,"column":null}},{"start":{},"end":{}}],"line":17},"1":{"loc":{"start":{"line":25,"column":4},"end":{"line":29,"column":null}},"type":"if","locations":[{"start":{"line":25,"column":4},"end":{"line":29,"column":null}},{"start":{},"end":{}}],"line":25},"2":{"loc":{"start":{"line":31,"column":4},"end":{"line":35,"column":null}},"type":"if","locations":[{"start":{"line":31,"column":4},"end":{"line":35,"column":null}},{"start":{"line":33,"column":11},"end":{"line":35,"column":null}}],"line":31},"3":{"loc":{"start":{"line":54,"column":13},"end":{"line":54,"column":null}},"type":"cond-expr","locations":[{"start":{"line":54,"column":30},"end":{"line":54,"column":52}},{"start":{"line":54,"column":52},"end":{"line":54,"column":null}}],"line":54},"4":{"loc":{"start":{"line":57,"column":13},"end":{"line":57,"column":null}},"type":"cond-expr","locations":[{"start":{"line":57,"column":30},"end":{"line":57,"column":63}},{"start":{"line":57,"column":63},"end":{"line":57,"column":null}}],"line":57},"5":{"loc":{"start":{"line":83,"column":11},"end":{"line":100,"column":null}},"type":"binary-expr","locations":[{"start":{"line":83,"column":11},"end":{"line":83,"column":null}},{"start":{"line":84,"column":12},"end":{"line":100,"column":null}}],"line":83},"6":{"loc":{"start":{"line":93,"column":26},"end":{"line":93,"column":null}},"type":"binary-expr","locations":[{"start":{"line":93,"column":26},"end":{"line":93,"column":44}},{"start":{"line":93,"column":44},"end":{"line":93,"column":null}}],"line":93},"7":{"loc":{"start":{"line":123,"column":11},"end":{"line":126,"column":null}},"type":"binary-expr","locations":[{"start":{"line":123,"column":11},"end":{"line":123,"column":null}},{"start":{"line":124,"column":12},"end":{"line":126,"column":null}}],"line":123},"8":{"loc":{"start":{"line":130,"column":11},"end":{"line":142,"column":null}},"type":"binary-expr","locations":[{"start":{"line":130,"column":11},"end":{"line":130,"column":30}},{"start":{"line":130,"column":30},"end":{"line":130,"column":null}},{"start":{"line":131,"column":12},"end":{"line":142,"column":null}}],"line":130},"9":{"loc":{"start":{"line":153,"column":16},"end":{"line":153,"column":null}},"type":"if","locations":[{"start":{"line":153,"column":16},"end":{"line":153,"column":null}},{"start":{},"end":{}}],"line":153},"10":{"loc":{"start":{"line":170,"column":13},"end":{"line":172,"column":null}},"type":"cond-expr","locations":[{"start":{"line":171,"column":17},"end":{"line":171,"column":null}},{"start":{"line":172,"column":17},"end":{"line":172,"column":null}}],"line":170},"11":{"loc":{"start":{"line":171,"column":17},"end":{"line":171,"column":null}},"type":"cond-expr","locations":[{"start":{"line":171,"column":34},"end":{"line":171,"column":53}},{"start":{"line":171,"column":53},"end":{"line":171,"column":null}}],"line":171},"12":{"loc":{"start":{"line":172,"column":17},"end":{"line":172,"column":null}},"type":"cond-expr","locations":[{"start":{"line":172,"column":34},"end":{"line":172,"column":50}},{"start":{"line":172,"column":50},"end":{"line":172,"column":null}}],"line":172},"13":{"loc":{"start":{"line":182,"column":15},"end":{"line":184,"column":null}},"type":"cond-expr","locations":[{"start":{"line":183,"column":18},"end":{"line":183,"column":null}},{"start":{"line":184,"column":18},"end":{"line":184,"column":null}}],"line":182}},"s":{"0":18,"1":72,"2":72,"3":72,"4":72,"5":72,"6":72,"7":72,"8":72,"9":72,"10":36,"11":0,"12":72,"13":8,"14":8,"15":2,"16":2,"17":2,"18":6,"19":2,"20":4,"21":72,"22":14,"23":14,"24":14,"25":14,"26":14,"27":72,"28":8,"29":2,"30":8,"31":2,"32":2,"33":2,"34":2},"f":{"0":72,"1":36,"2":8,"3":14,"4":8,"5":2,"6":8,"7":2,"8":2},"b":{"0":[0,36],"1":[2,6],"2":[2,4],"3":[18,54],"4":[18,54],"5":[72,18],"6":[18,18],"7":[72,2],"8":[72,54,50],"9":[2,0],"10":[2,70],"11":[0,2],"12":[18,52],"13":[18,54]},"meta":{"lastBranch":14,"lastFunction":9,"lastStatement":35,"seen":{"s:5:25:191:Infinity":0,"f:5:25:5:31":0,"s:6:24:6:Infinity":1,"s:7:30:7:Infinity":2,"s:8:30:8:Infinity":3,"s:9:34:9:Infinity":4,"s:10:30:10:Infinity":5,"s:11:42:11:Infinity":6,"s:13:61:13:Infinity":7,"s:14:8:14:Infinity":8,"s:16:2:20:Infinity":9,"f:16:12:16:18":1,"b:17:4:19:Infinity:undefined:undefined:undefined:undefined":0,"s:17:4:19:Infinity":10,"s:18:6:18:Infinity":11,"s:22:23:36:Infinity":12,"f:22:23:22:30":2,"s:23:4:23:Infinity":13,"b:25:4:29:Infinity:undefined:undefined:undefined:undefined":1,"s:25:4:29:Infinity":14,"s:26:6:26:Infinity":15,"s:27:6:27:Infinity":16,"s:28:6:28:Infinity":17,"b:31:4:35:Infinity:33:11:35:Infinity":2,"s:31:4:35:Infinity":18,"s:32:6:32:Infinity":19,"s:34:6:34:Infinity":20,"s:38:21:44:Infinity":21,"f:38:21:38:27":3,"s:39:4:39:Infinity":22,"s:40:4:40:Infinity":23,"s:41:4:41:Infinity":24,"s:42:4:42:Infinity":25,"s:43:4:43:Infinity":26,"s:46:2:189:Infinity":27,"b:54:30:54:52:54:52:54:Infinity":3,"b:57:30:57:63:57:63:57:Infinity":4,"f:72:24:72:25":4,"s:72:31:72:Infinity":28,"b:83:11:83:Infinity:84:12:100:Infinity":5,"f:92:26:92:27":5,"s:92:33:92:Infinity":29,"b:93:26:93:44:93:44:93:Infinity":6,"f:112:24:112:25":6,"s:112:31:112:Infinity":30,"b:123:11:123:Infinity:124:12:126:Infinity":7,"b:130:11:130:30:130:30:130:Infinity:131:12:142:Infinity":8,"f:136:26:136:27":7,"s:136:33:136:Infinity":31,"f:151:24:151:25":8,"s:152:16:152:Infinity":32,"b:153:16:153:Infinity:undefined:undefined:undefined:undefined":9,"s:153:16:153:Infinity":33,"s:153:38:153:Infinity":34,"b:171:17:171:Infinity:172:17:172:Infinity":10,"b:171:34:171:53:171:53:171:Infinity":11,"b:172:34:172:50:172:50:172:Infinity":12,"b:183:18:183:Infinity:184:18:184:Infinity":13}}}
}
